<!DOCTYPE html PUBLIC "-//W3C//DTD XHTML 1.1//EN" "http://www.w3.org/TR/xhtml11/DTD/xhtml11.dtd">
<html xmlns="http://www.w3.org/1999/xhtml">
<head>
<meta http-equiv="content-type" content="text/html; charset=UTF-8"/>
<title>TestNG Report</title>
<style type="text/css">table {margin-bottom:10px;border-collapse:collapse;empty-cells:show}th,td {border:1px solid #009;padding:.25em .5em}th {vertical-align:bottom}td {vertical-align:top}table a {font-weight:bold}.stripe td {background-color: #E6EBF9}.num {text-align:right}.passedodd td {background-color: #3F3}.passedeven td {background-color: #0A0}.skippedodd td {background-color: #DDD}.skippedeven td {background-color: #CCC}.failedodd td,.attn {background-color: #F33}.failedeven td,.stripe .attn {background-color: #D00}.stacktrace {white-space:pre;font-family:monospace}.totop {font-size:85%;text-align:center;border-bottom:2px solid #000}.invisible {display:none}</style>
</head>
<body>
<table>
<tr><th>Test</th><th># Passed</th><th># Skipped</th><th># Failed</th><th>Time (ms)</th><th>Included Groups</th><th>Excluded Groups</th></tr>
<tr><th colspan="7">Suite</th></tr>
<tr><td><a href="#t0">Test</a></td><td class="num">8</td><td class="num">0</td><td class="num attn">3</td><td class="num">300,625</td><td></td><td></td></tr>
</table>
<table id='summary'><thead><tr><th>Class</th><th>Method</th><th>Start</th><th>Time (ms)</th></tr></thead><tbody><tr><th colspan="4">Suite</th></tr></tbody><tbody id="t0"><tr><th colspan="4">Test &#8212; failed</th></tr><tr class="failedeven"><td rowspan="1">com.Breville.Tests.ExportProductTest</td><td><a href="#m0">verifyProductExport</a></td><td rowspan="1">1616145492011</td><td rowspan="1">36734</td></tr><tr class="failedodd"><td rowspan="1">com.Breville.Tests.ItemStatusLinkTest</td><td><a href="#m1">verifyItemStatusLink</a></td><td rowspan="1">1616145575580</td><td rowspan="1">27758</td></tr><tr class="failedeven"><td rowspan="1">com.Breville.Tests.LoginPageTest</td><td><a href="#m2">VerifyLoaginAndPublishItems</a></td><td rowspan="1">1616145409425</td><td rowspan="1">32313</td></tr><tr><th colspan="4">Test &#8212; passed</th></tr><tr class="passedeven"><td rowspan="4">com.Breville.Tests.ItemStatusLinkTest</td><td><a href="#m3">verifyItemStatusLink</a></td><td rowspan="4">1616145607848</td><td rowspan="4">17759</td></tr><tr class="passedeven"><td><a href="#m4">verifyItemStatusLink</a></td></tr><tr class="passedeven"><td><a href="#m5">verifyItemStatusLink</a></td></tr><tr class="passedeven"><td><a href="#m6">verifyItemStatusLink</a></td></tr><tr class="passedodd"><td rowspan="4">com.Breville.Tests.LoginPageTest</td><td><a href="#m7">VerifyLoaginAndPublishItems</a></td><td rowspan="4">1616145446004</td><td rowspan="4">19960</td></tr><tr class="passedodd"><td><a href="#m8">VerifyLoaginAndPublishItems</a></td></tr><tr class="passedodd"><td><a href="#m9">VerifyLoaginAndPublishItems</a></td></tr><tr class="passedodd"><td><a href="#m10">VerifyLoaginAndPublishItems</a></td></tr></tbody>
</table>
<h2>Test</h2><h3 id="m0">com.Breville.Tests.ExportProductTest#verifyProductExport</h3><table class="result"><tr><th>Exception</th></tr><tr><td><div class="stacktrace">java.lang.AssertionError: Both input and export data are not equal expected [true] but found [false]
	at com.Breville.Tests.ExportProductTest.verifyProductExport(ExportProductTest.java:64)
... Removed 32 stack frames</div></td></tr></table><p class="totop"><a href="#summary">back to summary</a></p>
<h3 id="m1">com.Breville.Tests.ItemStatusLinkTest#verifyItemStatusLink</h3><table class="result"><tr class="param"><th>Parameter #1</th></tr><tr class="param stripe"><td>BEC250</td></tr><tr><th>Exception</th></tr><tr><td><div class="stacktrace">org.openqa.selenium.NoSuchElementException: no such element: Unable to locate element: {&quot;method&quot;:&quot;xpath&quot;,&quot;selector&quot;:&quot;//div[text()=&apos;Saved successfully!&apos;]&quot;}
  (Session info: chrome=89.0.4389.90)
For documentation on this error, please visit: https://www.seleniumhq.org/exceptions/no_such_element.html
Build info: version: &apos;3.141.59&apos;, revision: &apos;e82be7d358&apos;, time: &apos;2018-11-14T08:17:03&apos;
System info: host: &apos;DESKTOP-8UCS1B4&apos;, ip: &apos;192.168.1.2&apos;, os.name: &apos;Windows 10&apos;, os.arch: &apos;amd64&apos;, os.version: &apos;10.0&apos;, java.version: &apos;1.8.0_221&apos;
Driver info: org.openqa.selenium.chrome.ChromeDriver
Capabilities {acceptInsecureCerts: false, browserName: chrome, browserVersion: 89.0.4389.90, chrome: {chromedriverVersion: 89.0.4389.23 (61b08ee2c5002..., userDataDir: C:\Users\LENOVO\AppData\Loc...}, goog:chromeOptions: {debuggerAddress: localhost:51206}, javascriptEnabled: true, networkConnectionEnabled: false, pageLoadStrategy: normal, platform: WINDOWS, platformName: WINDOWS, proxy: Proxy(), setWindowRect: true, strictFileInteractability: false, timeouts: {implicit: 0, pageLoad: 300000, script: 30000}, unhandledPromptBehavior: dismiss and notify, webauthn:extension:largeBlob: true, webauthn:virtualAuthenticators: true}
Session ID: 01c774fca17d22f664f18ca1713414e7
*** Element info: {Using=xpath, value=//div[text()=&apos;Saved successfully!&apos;]}
	at org.openqa.selenium.remote.http.W3CHttpResponseCodec.createException(W3CHttpResponseCodec.java:187)
	at org.openqa.selenium.remote.http.W3CHttpResponseCodec.decode(W3CHttpResponseCodec.java:122)
	at org.openqa.selenium.remote.http.W3CHttpResponseCodec.decode(W3CHttpResponseCodec.java:49)
	at org.openqa.selenium.remote.HttpCommandExecutor.execute(HttpCommandExecutor.java:158)
	at org.openqa.selenium.remote.service.DriverCommandExecutor.execute(DriverCommandExecutor.java:83)
	at org.openqa.selenium.remote.RemoteWebDriver.execute(RemoteWebDriver.java:552)
	at org.openqa.selenium.remote.RemoteWebDriver.findElement(RemoteWebDriver.java:323)
	at org.openqa.selenium.remote.RemoteWebDriver.findElementByXPath(RemoteWebDriver.java:428)
	at org.openqa.selenium.By$ByXPath.findElement(By.java:353)
	at org.openqa.selenium.remote.RemoteWebDriver.findElement(RemoteWebDriver.java:315)
	at org.openqa.selenium.support.pagefactory.DefaultElementLocator.findElement(DefaultElementLocator.java:69)
	at org.openqa.selenium.support.pagefactory.internal.LocatingElementHandler.invoke(LocatingElementHandler.java:38)
	at com.sun.proxy.$Proxy14.getText(Unknown Source)
	at com.Breville.Pages.HomePage.verifyPublishSuccesfullMessage(HomePage.java:225)
	at com.Breville.Pages.HomePage.clickSaveAndPublishWithoutVerifySuccessMessage(HomePage.java:194)
	at com.Breville.Tests.ItemStatusLinkTest.verifyItemStatusLink(ItemStatusLinkTest.java:33)
... Removed 33 stack frames</div></td></tr></table><p class="totop"><a href="#summary">back to summary</a></p>
<h3 id="m2">com.Breville.Tests.LoginPageTest#VerifyLoaginAndPublishItems</h3><table class="result"><tr class="param"><th>Parameter #1</th></tr><tr class="param stripe"><td>BEC250</td></tr><tr><th>Exception</th></tr><tr><td><div class="stacktrace">org.openqa.selenium.NoSuchElementException: no such element: Unable to locate element: {&quot;method&quot;:&quot;xpath&quot;,&quot;selector&quot;:&quot;//div[text()=&apos;Saved successfully!&apos;]&quot;}
  (Session info: chrome=89.0.4389.90)
For documentation on this error, please visit: https://www.seleniumhq.org/exceptions/no_such_element.html
Build info: version: &apos;3.141.59&apos;, revision: &apos;e82be7d358&apos;, time: &apos;2018-11-14T08:17:03&apos;
System info: host: &apos;DESKTOP-8UCS1B4&apos;, ip: &apos;192.168.1.2&apos;, os.name: &apos;Windows 10&apos;, os.arch: &apos;amd64&apos;, os.version: &apos;10.0&apos;, java.version: &apos;1.8.0_221&apos;
Driver info: org.openqa.selenium.chrome.ChromeDriver
Capabilities {acceptInsecureCerts: false, browserName: chrome, browserVersion: 89.0.4389.90, chrome: {chromedriverVersion: 89.0.4389.23 (61b08ee2c5002..., userDataDir: C:\Users\LENOVO\AppData\Loc...}, goog:chromeOptions: {debuggerAddress: localhost:51076}, javascriptEnabled: true, networkConnectionEnabled: false, pageLoadStrategy: normal, platform: WINDOWS, platformName: WINDOWS, proxy: Proxy(), setWindowRect: true, strictFileInteractability: false, timeouts: {implicit: 0, pageLoad: 300000, script: 30000}, unhandledPromptBehavior: dismiss and notify, webauthn:extension:largeBlob: true, webauthn:virtualAuthenticators: true}
Session ID: 2ce438d356080a083fa19bf96165c310
*** Element info: {Using=xpath, value=//div[text()=&apos;Saved successfully!&apos;]}
	at org.openqa.selenium.remote.http.W3CHttpResponseCodec.createException(W3CHttpResponseCodec.java:187)
	at org.openqa.selenium.remote.http.W3CHttpResponseCodec.decode(W3CHttpResponseCodec.java:122)
	at org.openqa.selenium.remote.http.W3CHttpResponseCodec.decode(W3CHttpResponseCodec.java:49)
	at org.openqa.selenium.remote.HttpCommandExecutor.execute(HttpCommandExecutor.java:158)
	at org.openqa.selenium.remote.service.DriverCommandExecutor.execute(DriverCommandExecutor.java:83)
	at org.openqa.selenium.remote.RemoteWebDriver.execute(RemoteWebDriver.java:552)
	at org.openqa.selenium.remote.RemoteWebDriver.findElement(RemoteWebDriver.java:323)
	at org.openqa.selenium.remote.RemoteWebDriver.findElementByXPath(RemoteWebDriver.java:428)
	at org.openqa.selenium.By$ByXPath.findElement(By.java:353)
	at org.openqa.selenium.remote.RemoteWebDriver.findElement(RemoteWebDriver.java:315)
	at org.openqa.selenium.support.pagefactory.DefaultElementLocator.findElement(DefaultElementLocator.java:69)
	at org.openqa.selenium.support.pagefactory.internal.LocatingElementHandler.invoke(LocatingElementHandler.java:38)
	at com.sun.proxy.$Proxy14.getText(Unknown Source)
	at com.Breville.Pages.HomePage.verifyPublishSuccesfullMessage(HomePage.java:225)
	at com.Breville.Tests.LoginPageTest.VerifyLoaginAndPublishItems(LoginPageTest.java:33)
... Removed 33 stack frames</div></td></tr></table><p class="totop"><a href="#summary">back to summary</a></p>
<h3 id="m3">com.Breville.Tests.ItemStatusLinkTest#verifyItemStatusLink</h3><table class="result"><tr class="param"><th>Parameter #1</th></tr><tr class="param stripe"><td>SOV001BAM0NUK1</td></tr></table><p class="totop"><a href="#summary">back to summary</a></p>
<h3 id="m4">com.Breville.Tests.ItemStatusLinkTest#verifyItemStatusLink</h3><table class="result"><tr class="param"><th>Parameter #1</th></tr><tr class="param stripe"><td>BDC0030NUC1</td></tr></table><p class="totop"><a href="#summary">back to summary</a></p>
<h3 id="m5">com.Breville.Tests.ItemStatusLinkTest#verifyItemStatusLink</h3><table class="result"><tr class="param"><th>Parameter #1</th></tr><tr class="param stripe"><td>AQP-LSAN</td></tr></table><p class="totop"><a href="#summary">back to summary</a></p>
<h3 id="m6">com.Breville.Tests.ItemStatusLinkTest#verifyItemStatusLink</h3><table class="result"><tr class="param"><th>Parameter #1</th></tr><tr class="param stripe"><td>BBA500BSS</td></tr></table><p class="totop"><a href="#summary">back to summary</a></p>
<h3 id="m7">com.Breville.Tests.LoginPageTest#VerifyLoaginAndPublishItems</h3><table class="result"><tr class="param"><th>Parameter #1</th></tr><tr class="param stripe"><td>SOV001BAM0NUK1</td></tr></table><p class="totop"><a href="#summary">back to summary</a></p>
<h3 id="m8">com.Breville.Tests.LoginPageTest#VerifyLoaginAndPublishItems</h3><table class="result"><tr class="param"><th>Parameter #1</th></tr><tr class="param stripe"><td>BBA500BSS</td></tr></table><p class="totop"><a href="#summary">back to summary</a></p>
<h3 id="m9">com.Breville.Tests.LoginPageTest#VerifyLoaginAndPublishItems</h3><table class="result"><tr class="param"><th>Parameter #1</th></tr><tr class="param stripe"><td>AQP-LSAN</td></tr></table><p class="totop"><a href="#summary">back to summary</a></p>
<h3 id="m10">com.Breville.Tests.LoginPageTest#VerifyLoaginAndPublishItems</h3><table class="result"><tr class="param"><th>Parameter #1</th></tr><tr class="param stripe"><td>BDC0030NUC1</td></tr></table><p class="totop"><a href="#summary">back to summary</a></p>
</body>
</html>
