<?xml version="1.0" encoding="UTF-8"?>
<testng-results skipped="0" failed="3" ignored="4" total="15" passed="8">
  <reporter-output>
  </reporter-output>
  <suite name="Suite" duration-ms="300625" started-at="2021-03-19T09:15:47Z" finished-at="2021-03-19T09:20:48Z">
    <groups>
    </groups>
    <test name="Test" duration-ms="300625" started-at="2021-03-19T09:15:47Z" finished-at="2021-03-19T09:20:48Z">
      <class name="com.Breville.Tests.ExportProductTest">
        <test-method status="PASS" signature="instalization()[pri:0, instance:com.Breville.Tests.ExportProductTest@724af044]" name="instalization" is-config="true" duration-ms="3844" started-at="2021-03-19T09:18:08Z" finished-at="2021-03-19T09:18:12Z">
          <reporter-output>
          </reporter-output>
        </test-method> <!-- instalization -->
        <test-method status="FAIL" signature="verifyProductExport()[pri:0, instance:com.Breville.Tests.ExportProductTest@724af044]" name="verifyProductExport" duration-ms="36734" started-at="2021-03-19T09:18:12Z" finished-at="2021-03-19T09:18:48Z">
          <exception class="java.lang.AssertionError">
            <message>
              <![CDATA[Both input and export data are not equal expected [true] but found [false]]]>
            </message>
            <full-stacktrace>
              <![CDATA[java.lang.AssertionError: Both input and export data are not equal expected [true] but found [false]
at org.testng.Assert.fail(Assert.java:96)
at org.testng.Assert.failNotEquals(Assert.java:776)
at org.testng.Assert.assertTrue(Assert.java:44)
at com.Breville.Tests.ExportProductTest.verifyProductExport(ExportProductTest.java:64)
at sun.reflect.NativeMethodAccessorImpl.invoke0(Native Method)
at sun.reflect.NativeMethodAccessorImpl.invoke(Unknown Source)
at sun.reflect.DelegatingMethodAccessorImpl.invoke(Unknown Source)
at java.lang.reflect.Method.invoke(Unknown Source)
at org.testng.internal.MethodInvocationHelper.invokeMethod(MethodInvocationHelper.java:124)
at org.testng.internal.Invoker.invokeMethod(Invoker.java:583)
at org.testng.internal.Invoker.invokeTestMethod(Invoker.java:719)
at org.testng.internal.Invoker.invokeTestMethods(Invoker.java:989)
at org.testng.internal.TestMethodWorker.invokeTestMethods(TestMethodWorker.java:125)
at org.testng.internal.TestMethodWorker.run(TestMethodWorker.java:109)
at org.testng.TestRunner.privateRun(TestRunner.java:648)
at org.testng.TestRunner.run(TestRunner.java:505)
at org.testng.SuiteRunner.runTest(SuiteRunner.java:455)
at org.testng.SuiteRunner.runSequentially(SuiteRunner.java:450)
at org.testng.SuiteRunner.privateRun(SuiteRunner.java:415)
at org.testng.SuiteRunner.run(SuiteRunner.java:364)
at org.testng.SuiteRunnerWorker.runSuite(SuiteRunnerWorker.java:52)
at org.testng.SuiteRunnerWorker.run(SuiteRunnerWorker.java:84)
at org.testng.TestNG.runSuitesSequentially(TestNG.java:1208)
at org.testng.TestNG.runSuitesLocally(TestNG.java:1137)
at org.testng.TestNG.runSuites(TestNG.java:1049)
at org.testng.TestNG.run(TestNG.java:1017)
at org.apache.maven.surefire.testng.TestNGExecutor.run(TestNGExecutor.java:284)
at org.apache.maven.surefire.testng.TestNGXmlTestSuite.execute(TestNGXmlTestSuite.java:75)
at org.apache.maven.surefire.testng.TestNGProvider.invoke(TestNGProvider.java:119)
at org.apache.maven.surefire.booter.ForkedBooter.runSuitesInProcess(ForkedBooter.java:428)
at org.apache.maven.surefire.booter.ForkedBooter.execute(ForkedBooter.java:162)
at org.apache.maven.surefire.booter.ForkedBooter.run(ForkedBooter.java:562)
at org.apache.maven.surefire.booter.ForkedBooter.main(ForkedBooter.java:548)
]]>
            </full-stacktrace>
          </exception> <!-- java.lang.AssertionError -->
          <reporter-output>
          </reporter-output>
        </test-method> <!-- verifyProductExport -->
        <test-method status="PASS" signature="getResult(org.testng.ITestResult)[pri:0, instance:com.Breville.Tests.ExportProductTest@724af044]" name="getResult" is-config="true" duration-ms="318" started-at="2021-03-19T09:18:48Z" finished-at="2021-03-19T09:18:49Z">
          <params>
            <param index="0">
              <value>
                <![CDATA[[TestResult name=verifyProductExport status=FAILURE method=ExportProductTest.verifyProductExport()[pri:0, instance:com.Breville.Tests.ExportProductTest@724af044] output={null}]]]>
              </value>
            </param>
          </params>
          <reporter-output>
          </reporter-output>
        </test-method> <!-- getResult -->
      </class> <!-- com.Breville.Tests.ExportProductTest -->
      <class name="com.Breville.Tests.ItemStatusLinkTest">
        <test-method status="PASS" signature="instalization()[pri:0, instance:com.Breville.Tests.ItemStatusLinkTest@4678c730]" name="instalization" is-config="true" duration-ms="4078" started-at="2021-03-19T09:18:49Z" finished-at="2021-03-19T09:18:53Z">
          <reporter-output>
          </reporter-output>
        </test-method> <!-- instalization -->
        <test-method status="PASS" signature="verifyItemStatusLink(java.lang.String)[pri:0, instance:com.Breville.Tests.ItemStatusLinkTest@4678c730]" name="verifyItemStatusLink" duration-ms="17361" started-at="2021-03-19T09:18:53Z" data-provider="productItemData" finished-at="2021-03-19T09:19:10Z">
          <params>
            <param index="0">
              <value>
                <![CDATA[AQP-LSAN]]>
              </value>
            </param>
          </params>
          <reporter-output>
          </reporter-output>
        </test-method> <!-- verifyItemStatusLink -->
        <test-method status="PASS" signature="getResult(org.testng.ITestResult)[pri:0, instance:com.Breville.Tests.ItemStatusLinkTest@4678c730]" name="getResult" is-config="true" duration-ms="0" started-at="2021-03-19T09:19:10Z" finished-at="2021-03-19T09:19:10Z">
          <params>
            <param index="0">
              <value>
                <![CDATA[[TestResult name=verifyItemStatusLink status=SUCCESS method=ItemStatusLinkTest.verifyItemStatusLink(java.lang.String)[pri:0, instance:com.Breville.Tests.ItemStatusLinkTest@4678c730] output={null}]]]>
              </value>
            </param>
          </params>
          <reporter-output>
          </reporter-output>
        </test-method> <!-- getResult -->
        <test-method status="PASS" signature="instalization()[pri:0, instance:com.Breville.Tests.ItemStatusLinkTest@4678c730]" name="instalization" is-config="true" duration-ms="3968" started-at="2021-03-19T09:19:10Z" finished-at="2021-03-19T09:19:14Z">
          <reporter-output>
          </reporter-output>
        </test-method> <!-- instalization -->
        <test-method status="PASS" signature="verifyItemStatusLink(java.lang.String)[pri:0, instance:com.Breville.Tests.ItemStatusLinkTest@4678c730]" name="verifyItemStatusLink" duration-ms="17213" started-at="2021-03-19T09:19:14Z" data-provider="productItemData" finished-at="2021-03-19T09:19:31Z">
          <params>
            <param index="0">
              <value>
                <![CDATA[BDC0030NUC1]]>
              </value>
            </param>
          </params>
          <reporter-output>
          </reporter-output>
        </test-method> <!-- verifyItemStatusLink -->
        <test-method status="PASS" signature="getResult(org.testng.ITestResult)[pri:0, instance:com.Breville.Tests.ItemStatusLinkTest@4678c730]" name="getResult" is-config="true" duration-ms="1" started-at="2021-03-19T09:19:31Z" finished-at="2021-03-19T09:19:31Z">
          <params>
            <param index="0">
              <value>
                <![CDATA[[TestResult name=verifyItemStatusLink status=SUCCESS method=ItemStatusLinkTest.verifyItemStatusLink(java.lang.String)[pri:0, instance:com.Breville.Tests.ItemStatusLinkTest@4678c730] output={null}]]]>
              </value>
            </param>
          </params>
          <reporter-output>
          </reporter-output>
        </test-method> <!-- getResult -->
        <test-method status="PASS" signature="instalization()[pri:0, instance:com.Breville.Tests.ItemStatusLinkTest@4678c730]" name="instalization" is-config="true" duration-ms="3867" started-at="2021-03-19T09:19:31Z" finished-at="2021-03-19T09:19:35Z">
          <reporter-output>
          </reporter-output>
        </test-method> <!-- instalization -->
        <test-method status="FAIL" signature="verifyItemStatusLink(java.lang.String)[pri:0, instance:com.Breville.Tests.ItemStatusLinkTest@4678c730]" name="verifyItemStatusLink" duration-ms="27758" started-at="2021-03-19T09:19:35Z" data-provider="productItemData" finished-at="2021-03-19T09:20:03Z">
          <params>
            <param index="0">
              <value>
                <![CDATA[BEC250]]>
              </value>
            </param>
          </params>
          <exception class="org.openqa.selenium.NoSuchElementException">
            <message>
              <![CDATA[no such element: Unable to locate element: {"method":"xpath","selector":"//div[text()='Saved successfully!']"}
  (Session info: chrome=89.0.4389.90)
For documentation on this error, please visit: https://www.seleniumhq.org/exceptions/no_such_element.html
Build info: version: '3.141.59', revision: 'e82be7d358', time: '2018-11-14T08:17:03'
System info: host: 'DESKTOP-8UCS1B4', ip: '192.168.1.2', os.name: 'Windows 10', os.arch: 'amd64', os.version: '10.0', java.version: '1.8.0_221'
Driver info: org.openqa.selenium.chrome.ChromeDriver
Capabilities {acceptInsecureCerts: false, browserName: chrome, browserVersion: 89.0.4389.90, chrome: {chromedriverVersion: 89.0.4389.23 (61b08ee2c5002..., userDataDir: C:\Users\LENOVO\AppData\Loc...}, goog:chromeOptions: {debuggerAddress: localhost:51206}, javascriptEnabled: true, networkConnectionEnabled: false, pageLoadStrategy: normal, platform: WINDOWS, platformName: WINDOWS, proxy: Proxy(), setWindowRect: true, strictFileInteractability: false, timeouts: {implicit: 0, pageLoad: 300000, script: 30000}, unhandledPromptBehavior: dismiss and notify, webauthn:extension:largeBlob: true, webauthn:virtualAuthenticators: true}
Session ID: 01c774fca17d22f664f18ca1713414e7
*** Element info: {Using=xpath, value=//div[text()='Saved successfully!']}]]>
            </message>
            <full-stacktrace>
              <![CDATA[org.openqa.selenium.NoSuchElementException: no such element: Unable to locate element: {"method":"xpath","selector":"//div[text()='Saved successfully!']"}
  (Session info: chrome=89.0.4389.90)
For documentation on this error, please visit: https://www.seleniumhq.org/exceptions/no_such_element.html
Build info: version: '3.141.59', revision: 'e82be7d358', time: '2018-11-14T08:17:03'
System info: host: 'DESKTOP-8UCS1B4', ip: '192.168.1.2', os.name: 'Windows 10', os.arch: 'amd64', os.version: '10.0', java.version: '1.8.0_221'
Driver info: org.openqa.selenium.chrome.ChromeDriver
Capabilities {acceptInsecureCerts: false, browserName: chrome, browserVersion: 89.0.4389.90, chrome: {chromedriverVersion: 89.0.4389.23 (61b08ee2c5002..., userDataDir: C:\Users\LENOVO\AppData\Loc...}, goog:chromeOptions: {debuggerAddress: localhost:51206}, javascriptEnabled: true, networkConnectionEnabled: false, pageLoadStrategy: normal, platform: WINDOWS, platformName: WINDOWS, proxy: Proxy(), setWindowRect: true, strictFileInteractability: false, timeouts: {implicit: 0, pageLoad: 300000, script: 30000}, unhandledPromptBehavior: dismiss and notify, webauthn:extension:largeBlob: true, webauthn:virtualAuthenticators: true}
Session ID: 01c774fca17d22f664f18ca1713414e7
*** Element info: {Using=xpath, value=//div[text()='Saved successfully!']}
at sun.reflect.NativeConstructorAccessorImpl.newInstance0(Native Method)
at sun.reflect.NativeConstructorAccessorImpl.newInstance(Unknown Source)
at sun.reflect.DelegatingConstructorAccessorImpl.newInstance(Unknown Source)
at java.lang.reflect.Constructor.newInstance(Unknown Source)
at org.openqa.selenium.remote.http.W3CHttpResponseCodec.createException(W3CHttpResponseCodec.java:187)
at org.openqa.selenium.remote.http.W3CHttpResponseCodec.decode(W3CHttpResponseCodec.java:122)
at org.openqa.selenium.remote.http.W3CHttpResponseCodec.decode(W3CHttpResponseCodec.java:49)
at org.openqa.selenium.remote.HttpCommandExecutor.execute(HttpCommandExecutor.java:158)
at org.openqa.selenium.remote.service.DriverCommandExecutor.execute(DriverCommandExecutor.java:83)
at org.openqa.selenium.remote.RemoteWebDriver.execute(RemoteWebDriver.java:552)
at org.openqa.selenium.remote.RemoteWebDriver.findElement(RemoteWebDriver.java:323)
at org.openqa.selenium.remote.RemoteWebDriver.findElementByXPath(RemoteWebDriver.java:428)
at org.openqa.selenium.By$ByXPath.findElement(By.java:353)
at org.openqa.selenium.remote.RemoteWebDriver.findElement(RemoteWebDriver.java:315)
at org.openqa.selenium.support.pagefactory.DefaultElementLocator.findElement(DefaultElementLocator.java:69)
at org.openqa.selenium.support.pagefactory.internal.LocatingElementHandler.invoke(LocatingElementHandler.java:38)
at com.sun.proxy.$Proxy14.getText(Unknown Source)
at com.Breville.Pages.HomePage.verifyPublishSuccesfullMessage(HomePage.java:225)
at com.Breville.Pages.HomePage.clickSaveAndPublishWithoutVerifySuccessMessage(HomePage.java:194)
at com.Breville.Tests.ItemStatusLinkTest.verifyItemStatusLink(ItemStatusLinkTest.java:33)
at sun.reflect.NativeMethodAccessorImpl.invoke0(Native Method)
at sun.reflect.NativeMethodAccessorImpl.invoke(Unknown Source)
at sun.reflect.DelegatingMethodAccessorImpl.invoke(Unknown Source)
at java.lang.reflect.Method.invoke(Unknown Source)
at org.testng.internal.MethodInvocationHelper.invokeMethod(MethodInvocationHelper.java:124)
at org.testng.internal.Invoker.invokeMethod(Invoker.java:583)
at org.testng.internal.Invoker.invokeTestMethod(Invoker.java:719)
at org.testng.internal.Invoker.invokeTestMethods(Invoker.java:989)
at org.testng.internal.TestMethodWorker.invokeTestMethods(TestMethodWorker.java:125)
at org.testng.internal.TestMethodWorker.run(TestMethodWorker.java:109)
at org.testng.TestRunner.privateRun(TestRunner.java:648)
at org.testng.TestRunner.run(TestRunner.java:505)
at org.testng.SuiteRunner.runTest(SuiteRunner.java:455)
at org.testng.SuiteRunner.runSequentially(SuiteRunner.java:450)
at org.testng.SuiteRunner.privateRun(SuiteRunner.java:415)
at org.testng.SuiteRunner.run(SuiteRunner.java:364)
at org.testng.SuiteRunnerWorker.runSuite(SuiteRunnerWorker.java:52)
at org.testng.SuiteRunnerWorker.run(SuiteRunnerWorker.java:84)
at org.testng.TestNG.runSuitesSequentially(TestNG.java:1208)
at org.testng.TestNG.runSuitesLocally(TestNG.java:1137)
at org.testng.TestNG.runSuites(TestNG.java:1049)
at org.testng.TestNG.run(TestNG.java:1017)
at org.apache.maven.surefire.testng.TestNGExecutor.run(TestNGExecutor.java:284)
at org.apache.maven.surefire.testng.TestNGXmlTestSuite.execute(TestNGXmlTestSuite.java:75)
at org.apache.maven.surefire.testng.TestNGProvider.invoke(TestNGProvider.java:119)
at org.apache.maven.surefire.booter.ForkedBooter.runSuitesInProcess(ForkedBooter.java:428)
at org.apache.maven.surefire.booter.ForkedBooter.execute(ForkedBooter.java:162)
at org.apache.maven.surefire.booter.ForkedBooter.run(ForkedBooter.java:562)
at org.apache.maven.surefire.booter.ForkedBooter.main(ForkedBooter.java:548)
]]>
            </full-stacktrace>
          </exception> <!-- org.openqa.selenium.NoSuchElementException -->
          <reporter-output>
          </reporter-output>
        </test-method> <!-- verifyItemStatusLink -->
        <test-method status="PASS" signature="getResult(org.testng.ITestResult)[pri:0, instance:com.Breville.Tests.ItemStatusLinkTest@4678c730]" name="getResult" is-config="true" duration-ms="380" started-at="2021-03-19T09:20:03Z" finished-at="2021-03-19T09:20:03Z">
          <params>
            <param index="0">
              <value>
                <![CDATA[[TestResult name=verifyItemStatusLink status=FAILURE method=ItemStatusLinkTest.verifyItemStatusLink(java.lang.String)[pri:0, instance:com.Breville.Tests.ItemStatusLinkTest@4678c730] output={null}]]]>
              </value>
            </param>
          </params>
          <reporter-output>
          </reporter-output>
        </test-method> <!-- getResult -->
        <test-method status="PASS" signature="instalization()[pri:0, instance:com.Breville.Tests.ItemStatusLinkTest@4678c730]" name="instalization" is-config="true" duration-ms="4130" started-at="2021-03-19T09:20:03Z" finished-at="2021-03-19T09:20:07Z">
          <reporter-output>
          </reporter-output>
        </test-method> <!-- instalization -->
        <test-method status="PASS" signature="verifyItemStatusLink(java.lang.String)[pri:0, instance:com.Breville.Tests.ItemStatusLinkTest@4678c730]" name="verifyItemStatusLink" duration-ms="17759" started-at="2021-03-19T09:20:07Z" data-provider="productItemData" finished-at="2021-03-19T09:20:25Z">
          <params>
            <param index="0">
              <value>
                <![CDATA[SOV001BAM0NUK1]]>
              </value>
            </param>
          </params>
          <reporter-output>
          </reporter-output>
        </test-method> <!-- verifyItemStatusLink -->
        <test-method status="PASS" signature="getResult(org.testng.ITestResult)[pri:0, instance:com.Breville.Tests.ItemStatusLinkTest@4678c730]" name="getResult" is-config="true" duration-ms="0" started-at="2021-03-19T09:20:25Z" finished-at="2021-03-19T09:20:25Z">
          <params>
            <param index="0">
              <value>
                <![CDATA[[TestResult name=verifyItemStatusLink status=SUCCESS method=ItemStatusLinkTest.verifyItemStatusLink(java.lang.String)[pri:0, instance:com.Breville.Tests.ItemStatusLinkTest@4678c730] output={null}]]]>
              </value>
            </param>
          </params>
          <reporter-output>
          </reporter-output>
        </test-method> <!-- getResult -->
        <test-method status="PASS" signature="instalization()[pri:0, instance:com.Breville.Tests.ItemStatusLinkTest@4678c730]" name="instalization" is-config="true" duration-ms="3911" started-at="2021-03-19T09:20:25Z" finished-at="2021-03-19T09:20:29Z">
          <reporter-output>
          </reporter-output>
        </test-method> <!-- instalization -->
        <test-method status="PASS" signature="verifyItemStatusLink(java.lang.String)[pri:0, instance:com.Breville.Tests.ItemStatusLinkTest@4678c730]" name="verifyItemStatusLink" duration-ms="18939" started-at="2021-03-19T09:20:29Z" data-provider="productItemData" finished-at="2021-03-19T09:20:48Z">
          <params>
            <param index="0">
              <value>
                <![CDATA[BBA500BSS]]>
              </value>
            </param>
          </params>
          <reporter-output>
          </reporter-output>
        </test-method> <!-- verifyItemStatusLink -->
        <test-method status="PASS" signature="getResult(org.testng.ITestResult)[pri:0, instance:com.Breville.Tests.ItemStatusLinkTest@4678c730]" name="getResult" is-config="true" duration-ms="1" started-at="2021-03-19T09:20:48Z" finished-at="2021-03-19T09:20:48Z">
          <params>
            <param index="0">
              <value>
                <![CDATA[[TestResult name=verifyItemStatusLink status=SUCCESS method=ItemStatusLinkTest.verifyItemStatusLink(java.lang.String)[pri:0, instance:com.Breville.Tests.ItemStatusLinkTest@4678c730] output={null}]]]>
              </value>
            </param>
          </params>
          <reporter-output>
          </reporter-output>
        </test-method> <!-- getResult -->
      </class> <!-- com.Breville.Tests.ItemStatusLinkTest -->
      <class name="com.Breville.Tests.LoginPageTest">
        <test-method status="PASS" signature="setExtent()[pri:0, instance:com.Breville.Tests.LoginPageTest@39aeed2f]" name="setExtent" is-config="true" duration-ms="145" started-at="2021-03-19T09:15:47Z" finished-at="2021-03-19T09:15:47Z">
          <reporter-output>
          </reporter-output>
        </test-method> <!-- setExtent -->
        <test-method status="PASS" signature="instalization()[pri:0, instance:com.Breville.Tests.LoginPageTest@39aeed2f]" name="instalization" is-config="true" duration-ms="6909" started-at="2021-03-19T09:15:48Z" finished-at="2021-03-19T09:15:55Z">
          <reporter-output>
          </reporter-output>
        </test-method> <!-- instalization -->
        <test-method status="PASS" signature="VerifyLoaginAndPublishItems(java.lang.String)[pri:0, instance:com.Breville.Tests.LoginPageTest@39aeed2f]" name="VerifyLoaginAndPublishItems" duration-ms="21643" started-at="2021-03-19T09:15:55Z" data-provider="productItemData" finished-at="2021-03-19T09:16:17Z">
          <params>
            <param index="0">
              <value>
                <![CDATA[AQP-LSAN]]>
              </value>
            </param>
          </params>
          <reporter-output>
          </reporter-output>
        </test-method> <!-- VerifyLoaginAndPublishItems -->
        <test-method status="PASS" signature="getResult(org.testng.ITestResult)[pri:0, instance:com.Breville.Tests.LoginPageTest@39aeed2f]" name="getResult" is-config="true" duration-ms="6" started-at="2021-03-19T09:16:17Z" finished-at="2021-03-19T09:16:17Z">
          <params>
            <param index="0">
              <value>
                <![CDATA[[TestResult name=VerifyLoaginAndPublishItems status=SUCCESS method=LoginPageTest.VerifyLoaginAndPublishItems(java.lang.String)[pri:0, instance:com.Breville.Tests.LoginPageTest@39aeed2f] output={null}]]]>
              </value>
            </param>
          </params>
          <reporter-output>
          </reporter-output>
        </test-method> <!-- getResult -->
        <test-method status="PASS" signature="instalization()[pri:0, instance:com.Breville.Tests.LoginPageTest@39aeed2f]" name="instalization" is-config="true" duration-ms="5861" started-at="2021-03-19T09:16:17Z" finished-at="2021-03-19T09:16:22Z">
          <reporter-output>
          </reporter-output>
        </test-method> <!-- instalization -->
        <test-method status="PASS" signature="VerifyLoaginAndPublishItems(java.lang.String)[pri:0, instance:com.Breville.Tests.LoginPageTest@39aeed2f]" name="VerifyLoaginAndPublishItems" duration-ms="22438" started-at="2021-03-19T09:16:22Z" data-provider="productItemData" finished-at="2021-03-19T09:16:45Z">
          <params>
            <param index="0">
              <value>
                <![CDATA[BDC0030NUC1]]>
              </value>
            </param>
          </params>
          <reporter-output>
          </reporter-output>
        </test-method> <!-- VerifyLoaginAndPublishItems -->
        <test-method status="PASS" signature="getResult(org.testng.ITestResult)[pri:0, instance:com.Breville.Tests.LoginPageTest@39aeed2f]" name="getResult" is-config="true" duration-ms="1" started-at="2021-03-19T09:16:45Z" finished-at="2021-03-19T09:16:45Z">
          <params>
            <param index="0">
              <value>
                <![CDATA[[TestResult name=VerifyLoaginAndPublishItems status=SUCCESS method=LoginPageTest.VerifyLoaginAndPublishItems(java.lang.String)[pri:0, instance:com.Breville.Tests.LoginPageTest@39aeed2f] output={null}]]]>
              </value>
            </param>
          </params>
          <reporter-output>
          </reporter-output>
        </test-method> <!-- getResult -->
        <test-method status="PASS" signature="instalization()[pri:0, instance:com.Breville.Tests.LoginPageTest@39aeed2f]" name="instalization" is-config="true" duration-ms="4101" started-at="2021-03-19T09:16:45Z" finished-at="2021-03-19T09:16:49Z">
          <reporter-output>
          </reporter-output>
        </test-method> <!-- instalization -->
        <test-method status="FAIL" signature="VerifyLoaginAndPublishItems(java.lang.String)[pri:0, instance:com.Breville.Tests.LoginPageTest@39aeed2f]" name="VerifyLoaginAndPublishItems" duration-ms="32313" started-at="2021-03-19T09:16:49Z" data-provider="productItemData" finished-at="2021-03-19T09:17:21Z">
          <params>
            <param index="0">
              <value>
                <![CDATA[BEC250]]>
              </value>
            </param>
          </params>
          <exception class="org.openqa.selenium.NoSuchElementException">
            <message>
              <![CDATA[no such element: Unable to locate element: {"method":"xpath","selector":"//div[text()='Saved successfully!']"}
  (Session info: chrome=89.0.4389.90)
For documentation on this error, please visit: https://www.seleniumhq.org/exceptions/no_such_element.html
Build info: version: '3.141.59', revision: 'e82be7d358', time: '2018-11-14T08:17:03'
System info: host: 'DESKTOP-8UCS1B4', ip: '192.168.1.2', os.name: 'Windows 10', os.arch: 'amd64', os.version: '10.0', java.version: '1.8.0_221'
Driver info: org.openqa.selenium.chrome.ChromeDriver
Capabilities {acceptInsecureCerts: false, browserName: chrome, browserVersion: 89.0.4389.90, chrome: {chromedriverVersion: 89.0.4389.23 (61b08ee2c5002..., userDataDir: C:\Users\LENOVO\AppData\Loc...}, goog:chromeOptions: {debuggerAddress: localhost:51076}, javascriptEnabled: true, networkConnectionEnabled: false, pageLoadStrategy: normal, platform: WINDOWS, platformName: WINDOWS, proxy: Proxy(), setWindowRect: true, strictFileInteractability: false, timeouts: {implicit: 0, pageLoad: 300000, script: 30000}, unhandledPromptBehavior: dismiss and notify, webauthn:extension:largeBlob: true, webauthn:virtualAuthenticators: true}
Session ID: 2ce438d356080a083fa19bf96165c310
*** Element info: {Using=xpath, value=//div[text()='Saved successfully!']}]]>
            </message>
            <full-stacktrace>
              <![CDATA[org.openqa.selenium.NoSuchElementException: no such element: Unable to locate element: {"method":"xpath","selector":"//div[text()='Saved successfully!']"}
  (Session info: chrome=89.0.4389.90)
For documentation on this error, please visit: https://www.seleniumhq.org/exceptions/no_such_element.html
Build info: version: '3.141.59', revision: 'e82be7d358', time: '2018-11-14T08:17:03'
System info: host: 'DESKTOP-8UCS1B4', ip: '192.168.1.2', os.name: 'Windows 10', os.arch: 'amd64', os.version: '10.0', java.version: '1.8.0_221'
Driver info: org.openqa.selenium.chrome.ChromeDriver
Capabilities {acceptInsecureCerts: false, browserName: chrome, browserVersion: 89.0.4389.90, chrome: {chromedriverVersion: 89.0.4389.23 (61b08ee2c5002..., userDataDir: C:\Users\LENOVO\AppData\Loc...}, goog:chromeOptions: {debuggerAddress: localhost:51076}, javascriptEnabled: true, networkConnectionEnabled: false, pageLoadStrategy: normal, platform: WINDOWS, platformName: WINDOWS, proxy: Proxy(), setWindowRect: true, strictFileInteractability: false, timeouts: {implicit: 0, pageLoad: 300000, script: 30000}, unhandledPromptBehavior: dismiss and notify, webauthn:extension:largeBlob: true, webauthn:virtualAuthenticators: true}
Session ID: 2ce438d356080a083fa19bf96165c310
*** Element info: {Using=xpath, value=//div[text()='Saved successfully!']}
at sun.reflect.NativeConstructorAccessorImpl.newInstance0(Native Method)
at sun.reflect.NativeConstructorAccessorImpl.newInstance(Unknown Source)
at sun.reflect.DelegatingConstructorAccessorImpl.newInstance(Unknown Source)
at java.lang.reflect.Constructor.newInstance(Unknown Source)
at org.openqa.selenium.remote.http.W3CHttpResponseCodec.createException(W3CHttpResponseCodec.java:187)
at org.openqa.selenium.remote.http.W3CHttpResponseCodec.decode(W3CHttpResponseCodec.java:122)
at org.openqa.selenium.remote.http.W3CHttpResponseCodec.decode(W3CHttpResponseCodec.java:49)
at org.openqa.selenium.remote.HttpCommandExecutor.execute(HttpCommandExecutor.java:158)
at org.openqa.selenium.remote.service.DriverCommandExecutor.execute(DriverCommandExecutor.java:83)
at org.openqa.selenium.remote.RemoteWebDriver.execute(RemoteWebDriver.java:552)
at org.openqa.selenium.remote.RemoteWebDriver.findElement(RemoteWebDriver.java:323)
at org.openqa.selenium.remote.RemoteWebDriver.findElementByXPath(RemoteWebDriver.java:428)
at org.openqa.selenium.By$ByXPath.findElement(By.java:353)
at org.openqa.selenium.remote.RemoteWebDriver.findElement(RemoteWebDriver.java:315)
at org.openqa.selenium.support.pagefactory.DefaultElementLocator.findElement(DefaultElementLocator.java:69)
at org.openqa.selenium.support.pagefactory.internal.LocatingElementHandler.invoke(LocatingElementHandler.java:38)
at com.sun.proxy.$Proxy14.getText(Unknown Source)
at com.Breville.Pages.HomePage.verifyPublishSuccesfullMessage(HomePage.java:225)
at com.Breville.Tests.LoginPageTest.VerifyLoaginAndPublishItems(LoginPageTest.java:33)
at sun.reflect.NativeMethodAccessorImpl.invoke0(Native Method)
at sun.reflect.NativeMethodAccessorImpl.invoke(Unknown Source)
at sun.reflect.DelegatingMethodAccessorImpl.invoke(Unknown Source)
at java.lang.reflect.Method.invoke(Unknown Source)
at org.testng.internal.MethodInvocationHelper.invokeMethod(MethodInvocationHelper.java:124)
at org.testng.internal.Invoker.invokeMethod(Invoker.java:583)
at org.testng.internal.Invoker.invokeTestMethod(Invoker.java:719)
at org.testng.internal.Invoker.invokeTestMethods(Invoker.java:989)
at org.testng.internal.TestMethodWorker.invokeTestMethods(TestMethodWorker.java:125)
at org.testng.internal.TestMethodWorker.run(TestMethodWorker.java:109)
at org.testng.TestRunner.privateRun(TestRunner.java:648)
at org.testng.TestRunner.run(TestRunner.java:505)
at org.testng.SuiteRunner.runTest(SuiteRunner.java:455)
at org.testng.SuiteRunner.runSequentially(SuiteRunner.java:450)
at org.testng.SuiteRunner.privateRun(SuiteRunner.java:415)
at org.testng.SuiteRunner.run(SuiteRunner.java:364)
at org.testng.SuiteRunnerWorker.runSuite(SuiteRunnerWorker.java:52)
at org.testng.SuiteRunnerWorker.run(SuiteRunnerWorker.java:84)
at org.testng.TestNG.runSuitesSequentially(TestNG.java:1208)
at org.testng.TestNG.runSuitesLocally(TestNG.java:1137)
at org.testng.TestNG.runSuites(TestNG.java:1049)
at org.testng.TestNG.run(TestNG.java:1017)
at org.apache.maven.surefire.testng.TestNGExecutor.run(TestNGExecutor.java:284)
at org.apache.maven.surefire.testng.TestNGXmlTestSuite.execute(TestNGXmlTestSuite.java:75)
at org.apache.maven.surefire.testng.TestNGProvider.invoke(TestNGProvider.java:119)
at org.apache.maven.surefire.booter.ForkedBooter.runSuitesInProcess(ForkedBooter.java:428)
at org.apache.maven.surefire.booter.ForkedBooter.execute(ForkedBooter.java:162)
at org.apache.maven.surefire.booter.ForkedBooter.run(ForkedBooter.java:562)
at org.apache.maven.surefire.booter.ForkedBooter.main(ForkedBooter.java:548)
]]>
            </full-stacktrace>
          </exception> <!-- org.openqa.selenium.NoSuchElementException -->
          <reporter-output>
          </reporter-output>
        </test-method> <!-- VerifyLoaginAndPublishItems -->
        <test-method status="PASS" signature="getResult(org.testng.ITestResult)[pri:0, instance:com.Breville.Tests.LoginPageTest@39aeed2f]" name="getResult" is-config="true" duration-ms="302" started-at="2021-03-19T09:17:21Z" finished-at="2021-03-19T09:17:22Z">
          <params>
            <param index="0">
              <value>
                <![CDATA[[TestResult name=VerifyLoaginAndPublishItems status=FAILURE method=LoginPageTest.VerifyLoaginAndPublishItems(java.lang.String)[pri:0, instance:com.Breville.Tests.LoginPageTest@39aeed2f] output={null}]]]>
              </value>
            </param>
          </params>
          <reporter-output>
          </reporter-output>
        </test-method> <!-- getResult -->
        <test-method status="PASS" signature="instalization()[pri:0, instance:com.Breville.Tests.LoginPageTest@39aeed2f]" name="instalization" is-config="true" duration-ms="3960" started-at="2021-03-19T09:17:22Z" finished-at="2021-03-19T09:17:26Z">
          <reporter-output>
          </reporter-output>
        </test-method> <!-- instalization -->
        <test-method status="PASS" signature="VerifyLoaginAndPublishItems(java.lang.String)[pri:0, instance:com.Breville.Tests.LoginPageTest@39aeed2f]" name="VerifyLoaginAndPublishItems" duration-ms="19960" started-at="2021-03-19T09:17:26Z" data-provider="productItemData" finished-at="2021-03-19T09:17:45Z">
          <params>
            <param index="0">
              <value>
                <![CDATA[SOV001BAM0NUK1]]>
              </value>
            </param>
          </params>
          <reporter-output>
          </reporter-output>
        </test-method> <!-- VerifyLoaginAndPublishItems -->
        <test-method status="PASS" signature="getResult(org.testng.ITestResult)[pri:0, instance:com.Breville.Tests.LoginPageTest@39aeed2f]" name="getResult" is-config="true" duration-ms="1" started-at="2021-03-19T09:17:45Z" finished-at="2021-03-19T09:17:45Z">
          <params>
            <param index="0">
              <value>
                <![CDATA[[TestResult name=VerifyLoaginAndPublishItems status=SUCCESS method=LoginPageTest.VerifyLoaginAndPublishItems(java.lang.String)[pri:0, instance:com.Breville.Tests.LoginPageTest@39aeed2f] output={null}]]]>
              </value>
            </param>
          </params>
          <reporter-output>
          </reporter-output>
        </test-method> <!-- getResult -->
        <test-method status="PASS" signature="instalization()[pri:0, instance:com.Breville.Tests.LoginPageTest@39aeed2f]" name="instalization" is-config="true" duration-ms="3882" started-at="2021-03-19T09:17:45Z" finished-at="2021-03-19T09:17:49Z">
          <reporter-output>
          </reporter-output>
        </test-method> <!-- instalization -->
        <test-method status="PASS" signature="VerifyLoaginAndPublishItems(java.lang.String)[pri:0, instance:com.Breville.Tests.LoginPageTest@39aeed2f]" name="VerifyLoaginAndPublishItems" duration-ms="18318" started-at="2021-03-19T09:17:49Z" data-provider="productItemData" finished-at="2021-03-19T09:18:08Z">
          <params>
            <param index="0">
              <value>
                <![CDATA[BBA500BSS]]>
              </value>
            </param>
          </params>
          <reporter-output>
          </reporter-output>
        </test-method> <!-- VerifyLoaginAndPublishItems -->
        <test-method status="PASS" signature="getResult(org.testng.ITestResult)[pri:0, instance:com.Breville.Tests.LoginPageTest@39aeed2f]" name="getResult" is-config="true" duration-ms="0" started-at="2021-03-19T09:18:08Z" finished-at="2021-03-19T09:18:08Z">
          <params>
            <param index="0">
              <value>
                <![CDATA[[TestResult name=VerifyLoaginAndPublishItems status=SUCCESS method=LoginPageTest.VerifyLoaginAndPublishItems(java.lang.String)[pri:0, instance:com.Breville.Tests.LoginPageTest@39aeed2f] output={null}]]]>
              </value>
            </param>
          </params>
          <reporter-output>
          </reporter-output>
        </test-method> <!-- getResult -->
        <test-method status="PASS" signature="endReport()[pri:0, instance:com.Breville.Tests.LoginPageTest@39aeed2f]" name="endReport" is-config="true" duration-ms="298" started-at="2021-03-19T09:20:48Z" finished-at="2021-03-19T09:20:48Z">
          <reporter-output>
          </reporter-output>
        </test-method> <!-- endReport -->
      </class> <!-- com.Breville.Tests.LoginPageTest -->
    </test> <!-- Test -->
  </suite> <!-- Suite -->
</testng-results>
