<!DOCTYPE html>

<html>
  <head>
  <meta charset='utf-8'>
  <title>TestNG reports</title>

    <link type="text/css" href="testng-reports.css" rel="stylesheet" />
    <script type="text/javascript" src="jquery-1.7.1.min.js"></script>
    <script type="text/javascript" src="testng-reports.js"></script>
    <script type="text/javascript" src="https://www.google.com/jsapi"></script>
    <script type='text/javascript'>
      google.load('visualization', '1', {packages:['table']});
      google.setOnLoadCallback(drawTable);
      var suiteTableInitFunctions = new Array();
      var suiteTableData = new Array();
    </script>
    <!--
      <script type="text/javascript" src="jquery-ui/js/jquery-ui-1.8.16.custom.min.js"></script>
     -->
  </head>

  <body>
    <div class="top-banner-root">
      <span class="top-banner-title-font">Test results</span>
      <br/>
      <span class="top-banner-font-1">1 suite, 2 failed tests</span>
    </div> <!-- top-banner-root -->
    <div class="navigator-root">
      <div class="navigator-suite-header">
        <span>All suites</span>
        <a href="#" class="collapse-all-link" title="Collapse/expand all the suites">
          <img class="collapse-all-icon" src="collapseall.gif">
          </img> <!-- collapse-all-icon -->
        </a> <!-- collapse-all-link -->
      </div> <!-- navigator-suite-header -->
      <div class="suite">
        <div class="rounded-window">
          <div class="suite-header light-rounded-window-top">
            <a href="#" class="navigator-link" panel-name="suite-Suite">
              <span class="suite-name border-failed">Suite</span>
            </a> <!-- navigator-link -->
          </div> <!-- suite-header light-rounded-window-top -->
          <div class="navigator-suite-content">
            <div class="suite-section-title">
              <span>Info</span>
            </div> <!-- suite-section-title -->
            <div class="suite-section-content">
              <ul>
                <li>
                  <a href="#" class="navigator-link " panel-name="test-xml-Suite">
                    <span>C:\Breville_Automation\Breville_Project_Automation\testng.xml</span>
                  </a> <!-- navigator-link  -->
                </li>
                <li>
                  <a href="#" class="navigator-link " panel-name="testlist-Suite">
                    <span class="test-stats">1 test</span>
                  </a> <!-- navigator-link  -->
                </li>
                <li>
                  <a href="#" class="navigator-link " panel-name="group-Suite">
                    <span>0 groups</span>
                  </a> <!-- navigator-link  -->
                </li>
                <li>
                  <a href="#" class="navigator-link " panel-name="times-Suite">
                    <span>Times</span>
                  </a> <!-- navigator-link  -->
                </li>
                <li>
                  <a href="#" class="navigator-link " panel-name="reporter-Suite">
                    <span>Reporter output</span>
                  </a> <!-- navigator-link  -->
                </li>
                <li>
                  <a href="#" class="navigator-link " panel-name="ignored-methods-Suite">
                    <span>Ignored methods</span>
                  </a> <!-- navigator-link  -->
                </li>
                <li>
                  <a href="#" class="navigator-link " panel-name="chronological-Suite">
                    <span>Chronological view</span>
                  </a> <!-- navigator-link  -->
                </li>
              </ul>
            </div> <!-- suite-section-content -->
            <div class="result-section">
              <div class="suite-section-title">
                <span>Results</span>
              </div> <!-- suite-section-title -->
              <div class="suite-section-content">
                <ul>
                  <li>
                    <span class="method-stats">23 methods, 2 failed,  6 skipped,  15 passed</span>
                  </li>
                  <li>
                    <span class="method-list-title failed">Failed methods</span>
                    <span class="show-or-hide-methods failed">
                      <a href="#" panel-name="suite-Suite" class="hide-methods failed suite-Suite"> (hide)</a> <!-- hide-methods failed suite-Suite -->
                      <a href="#" panel-name="suite-Suite" class="show-methods failed suite-Suite"> (show)</a> <!-- show-methods failed suite-Suite -->
                    </span>
                    <div class="method-list-content failed suite-Suite">
                      <span>
                        <img width="3%" src="failed.png"/>
                        <a href="#" class="method navigator-link" panel-name="suite-Suite" title="com.Breville.Tests.LoginPageTest" hash-for-method="VerifyLoaginAndPublishItems(BEC250)">VerifyLoaginAndPublishItems(BEC250)</a> <!-- method navigator-link -->
                      </span>
                      <br/>
                      <span>
                        <img width="3%" src="failed.png"/>
                        <a href="#" class="method navigator-link" panel-name="suite-Suite" title="com.Breville.Tests.ManagePriceTest" hash-for-method="verifyPricingDetails(BBA500BSS)">verifyPricingDetails(BBA500BSS)</a> <!-- method navigator-link -->
                      </span>
                      <br/>
                    </div> <!-- method-list-content failed suite-Suite -->
                  </li>
                  <li>
                    <span class="method-list-title skipped">Skipped methods</span>
                    <span class="show-or-hide-methods skipped">
                      <a href="#" panel-name="suite-Suite" class="hide-methods skipped suite-Suite"> (hide)</a> <!-- hide-methods skipped suite-Suite -->
                      <a href="#" panel-name="suite-Suite" class="show-methods skipped suite-Suite"> (show)</a> <!-- show-methods skipped suite-Suite -->
                    </span>
                    <div class="method-list-content skipped suite-Suite">
                      <span>
                        <img width="3%" src="skipped.png"/>
                        <a href="#" class="method navigator-link" panel-name="suite-Suite" title="com.Breville.Tests.LoginPageTest" hash-for-method="VerifyLoaginAndPublishItems(BEC250)">VerifyLoaginAndPublishItems(BEC250)</a> <!-- method navigator-link -->
                      </span>
                      <br/>
                      <span>
                        <img width="3%" src="skipped.png"/>
                        <a href="#" class="method navigator-link" panel-name="suite-Suite" title="com.Breville.Tests.LoginPageTest" hash-for-method="VerifyLoaginAndPublishItems(BEC250)">VerifyLoaginAndPublishItems(BEC250)</a> <!-- method navigator-link -->
                      </span>
                      <br/>
                      <span>
                        <img width="3%" src="skipped.png"/>
                        <a href="#" class="method navigator-link" panel-name="suite-Suite" title="com.Breville.Tests.BrandNameValidationTest" hash-for-method="verifyBrandName">verifyBrandName</a> <!-- method navigator-link -->
                      </span>
                      <br/>
                      <span>
                        <img width="3%" src="skipped.png"/>
                        <a href="#" class="method navigator-link" panel-name="suite-Suite" title="com.Breville.Tests.ManagePriceTest" hash-for-method="verifyPricingDetails(BBA500BSS)">verifyPricingDetails(BBA500BSS)</a> <!-- method navigator-link -->
                      </span>
                      <br/>
                      <span>
                        <img width="3%" src="skipped.png"/>
                        <a href="#" class="method navigator-link" panel-name="suite-Suite" title="com.Breville.Tests.ManagePriceTest" hash-for-method="verifyPricingDetails(BBA500BSS)">verifyPricingDetails(BBA500BSS)</a> <!-- method navigator-link -->
                      </span>
                      <br/>
                      <span>
                        <img width="3%" src="skipped.png"/>
                        <a href="#" class="method navigator-link" panel-name="suite-Suite" title="com.Breville.Tests.ProductSearchNameTest" hash-for-method="verifyProductSearchName">verifyProductSearchName</a> <!-- method navigator-link -->
                      </span>
                      <br/>
                    </div> <!-- method-list-content skipped suite-Suite -->
                  </li>
                  <li>
                    <span class="method-list-title passed">Passed methods</span>
                    <span class="show-or-hide-methods passed">
                      <a href="#" panel-name="suite-Suite" class="hide-methods passed suite-Suite"> (hide)</a> <!-- hide-methods passed suite-Suite -->
                      <a href="#" panel-name="suite-Suite" class="show-methods passed suite-Suite"> (show)</a> <!-- show-methods passed suite-Suite -->
                    </span>
                    <div class="method-list-content passed suite-Suite">
                      <span>
                        <img width="3%" src="passed.png"/>
                        <a href="#" class="method navigator-link" panel-name="suite-Suite" title="com.Breville.Tests.LoginPageTest" hash-for-method="VerifyLoaginAndPublishItems(BBA500BSS)">VerifyLoaginAndPublishItems(BBA500BSS)</a> <!-- method navigator-link -->
                      </span>
                      <br/>
                      <span>
                        <img width="3%" src="passed.png"/>
                        <a href="#" class="method navigator-link" panel-name="suite-Suite" title="com.Breville.Tests.LoginPageTest" hash-for-method="VerifyLoaginAndPublishItems(BDC0030NUC1)">VerifyLoaginAndPublishItems(BDC0030NUC1)</a> <!-- method navigator-link -->
                      </span>
                      <br/>
                      <span>
                        <img width="3%" src="passed.png"/>
                        <a href="#" class="method navigator-link" panel-name="suite-Suite" title="com.Breville.Tests.LoginPageTest" hash-for-method="VerifyLoaginAndPublishItems(AQP-LSAN)">VerifyLoaginAndPublishItems(AQP-LSAN)</a> <!-- method navigator-link -->
                      </span>
                      <br/>
                      <span>
                        <img width="3%" src="passed.png"/>
                        <a href="#" class="method navigator-link" panel-name="suite-Suite" title="com.Breville.Tests.LoginPageTest" hash-for-method="VerifyLoaginAndPublishItems(SOV001BAM0NUK1)">VerifyLoaginAndPublishItems(SOV001BAM0NUK1)</a> <!-- method navigator-link -->
                      </span>
                      <br/>
                      <span>
                        <img width="3%" src="passed.png"/>
                        <a href="#" class="method navigator-link" panel-name="suite-Suite" title="com.Breville.Tests.BrandNameValidationTest" hash-for-method="verifyBrandName">verifyBrandName</a> <!-- method navigator-link -->
                      </span>
                      <br/>
                      <span>
                        <img width="3%" src="passed.png"/>
                        <a href="#" class="method navigator-link" panel-name="suite-Suite" title="com.Breville.Tests.ItemStatusLinkTest" hash-for-method="verifyItemStatusLink(BDC0030NUC1)">verifyItemStatusLink(BDC0030NUC1)</a> <!-- method navigator-link -->
                      </span>
                      <br/>
                      <span>
                        <img width="3%" src="passed.png"/>
                        <a href="#" class="method navigator-link" panel-name="suite-Suite" title="com.Breville.Tests.ItemStatusLinkTest" hash-for-method="verifyItemStatusLink(SOV001BAM0NUK1)">verifyItemStatusLink(SOV001BAM0NUK1)</a> <!-- method navigator-link -->
                      </span>
                      <br/>
                      <span>
                        <img width="3%" src="passed.png"/>
                        <a href="#" class="method navigator-link" panel-name="suite-Suite" title="com.Breville.Tests.ItemStatusLinkTest" hash-for-method="verifyItemStatusLink(BBA500BSS)">verifyItemStatusLink(BBA500BSS)</a> <!-- method navigator-link -->
                      </span>
                      <br/>
                      <span>
                        <img width="3%" src="passed.png"/>
                        <a href="#" class="method navigator-link" panel-name="suite-Suite" title="com.Breville.Tests.ItemStatusLinkTest" hash-for-method="verifyItemStatusLink(BEC250)">verifyItemStatusLink(BEC250)</a> <!-- method navigator-link -->
                      </span>
                      <br/>
                      <span>
                        <img width="3%" src="passed.png"/>
                        <a href="#" class="method navigator-link" panel-name="suite-Suite" title="com.Breville.Tests.ItemStatusLinkTest" hash-for-method="verifyItemStatusLink(AQP-LSAN)">verifyItemStatusLink(AQP-LSAN)</a> <!-- method navigator-link -->
                      </span>
                      <br/>
                      <span>
                        <img width="3%" src="passed.png"/>
                        <a href="#" class="method navigator-link" panel-name="suite-Suite" title="com.Breville.Tests.ManagePriceTest" hash-for-method="verifyPricingDetails(BDC0030NUC1)">verifyPricingDetails(BDC0030NUC1)</a> <!-- method navigator-link -->
                      </span>
                      <br/>
                      <span>
                        <img width="3%" src="passed.png"/>
                        <a href="#" class="method navigator-link" panel-name="suite-Suite" title="com.Breville.Tests.ManagePriceTest" hash-for-method="verifyPricingDetails(BES0030NUC1)">verifyPricingDetails(BES0030NUC1)</a> <!-- method navigator-link -->
                      </span>
                      <br/>
                      <span>
                        <img width="3%" src="passed.png"/>
                        <a href="#" class="method navigator-link" panel-name="suite-Suite" title="com.Breville.Tests.ManagePriceTest" hash-for-method="verifyPricingDetails(SOV001BAM0NUK1)">verifyPricingDetails(SOV001BAM0NUK1)</a> <!-- method navigator-link -->
                      </span>
                      <br/>
                      <span>
                        <img width="3%" src="passed.png"/>
                        <a href="#" class="method navigator-link" panel-name="suite-Suite" title="com.Breville.Tests.ExportProductTest" hash-for-method="verifyProductExport">verifyProductExport</a> <!-- method navigator-link -->
                      </span>
                      <br/>
                      <span>
                        <img width="3%" src="passed.png"/>
                        <a href="#" class="method navigator-link" panel-name="suite-Suite" title="com.Breville.Tests.ProductSearchNameTest" hash-for-method="verifyProductSearchName">verifyProductSearchName</a> <!-- method navigator-link -->
                      </span>
                      <br/>
                    </div> <!-- method-list-content passed suite-Suite -->
                  </li>
                </ul>
              </div> <!-- suite-section-content -->
            </div> <!-- result-section -->
          </div> <!-- navigator-suite-content -->
        </div> <!-- rounded-window -->
      </div> <!-- suite -->
    </div> <!-- navigator-root -->
    <div class="wrapper">
      <div class="main-panel-root">
        <div panel-name="suite-Suite" class="panel Suite">
          <div class="suite-Suite-class-failed">
            <div class="main-panel-header rounded-window-top">
              <img src="failed.png"/>
              <span class="class-name">com.Breville.Tests.LoginPageTest</span>
            </div> <!-- main-panel-header rounded-window-top -->
            <div class="main-panel-content rounded-window-bottom">
              <div class="method">
                <div class="method-content">
                  <a name="VerifyLoaginAndPublishItems(BEC250)">
                  </a> <!-- VerifyLoaginAndPublishItems(BEC250) -->
                  <span class="method-name">VerifyLoaginAndPublishItems</span>
                  <span class="parameters">(BEC250)</span>
                  <div class="stack-trace">org.openqa.selenium.NoSuchElementException: no such element: Unable to locate element: {&quot;method&quot;:&quot;xpath&quot;,&quot;selector&quot;:&quot;//div[text()=&apos;Saved successfully!&apos;]&quot;}
  (Session info: chrome=89.0.4389.90)
For documentation on this error, please visit: https://www.seleniumhq.org/exceptions/no_such_element.html
Build info: version: &apos;3.141.59&apos;, revision: &apos;e82be7d358&apos;, time: &apos;2018-11-14T08:17:03&apos;
System info: host: &apos;DESKTOP-8UCS1B4&apos;, ip: &apos;192.168.1.2&apos;, os.name: &apos;Windows 10&apos;, os.arch: &apos;amd64&apos;, os.version: &apos;10.0&apos;, java.version: &apos;1.8.0_221&apos;
Driver info: org.openqa.selenium.chrome.ChromeDriver
Capabilities {acceptInsecureCerts: false, browserName: chrome, browserVersion: 89.0.4389.90, chrome: {chromedriverVersion: 89.0.4389.23 (61b08ee2c5002..., userDataDir: C:\Users\LENOVO\AppData\Loc...}, goog:chromeOptions: {debuggerAddress: localhost:51993}, javascriptEnabled: true, networkConnectionEnabled: false, pageLoadStrategy: normal, platform: WINDOWS, platformName: WINDOWS, proxy: Proxy(), setWindowRect: true, strictFileInteractability: false, timeouts: {implicit: 0, pageLoad: 300000, script: 30000}, unhandledPromptBehavior: dismiss and notify, webauthn:extension:largeBlob: true, webauthn:virtualAuthenticators: true}
Session ID: b885d27db2fd7e1badd2c7ed83260f3a
*** Element info: {Using=xpath, value=//div[text()=&apos;Saved successfully!&apos;]}
	at org.openqa.selenium.remote.http.W3CHttpResponseCodec.createException(W3CHttpResponseCodec.java:187)
	at org.openqa.selenium.remote.http.W3CHttpResponseCodec.decode(W3CHttpResponseCodec.java:122)
	at org.openqa.selenium.remote.http.W3CHttpResponseCodec.decode(W3CHttpResponseCodec.java:49)
	at org.openqa.selenium.remote.HttpCommandExecutor.execute(HttpCommandExecutor.java:158)
	at org.openqa.selenium.remote.service.DriverCommandExecutor.execute(DriverCommandExecutor.java:83)
	at org.openqa.selenium.remote.RemoteWebDriver.execute(RemoteWebDriver.java:552)
	at org.openqa.selenium.remote.RemoteWebDriver.findElement(RemoteWebDriver.java:323)
	at org.openqa.selenium.remote.RemoteWebDriver.findElementByXPath(RemoteWebDriver.java:428)
	at org.openqa.selenium.By$ByXPath.findElement(By.java:353)
	at org.openqa.selenium.remote.RemoteWebDriver.findElement(RemoteWebDriver.java:315)
	at org.openqa.selenium.support.pagefactory.DefaultElementLocator.findElement(DefaultElementLocator.java:69)
	at org.openqa.selenium.support.pagefactory.internal.LocatingElementHandler.invoke(LocatingElementHandler.java:38)
	at com.sun.proxy.$Proxy16.getText(Unknown Source)
	at com.Breville.Pages.HomePage.verifyPublishSuccesfullMessage(HomePage.java:277)
	at com.Breville.Tests.LoginPageTest.VerifyLoaginAndPublishItems(LoginPageTest.java:33)
... Removed 29 stack frames
</div> <!-- stack-trace -->
                </div> <!-- method-content -->
              </div> <!-- method -->
            </div> <!-- main-panel-content rounded-window-bottom -->
          </div> <!-- suite-Suite-class-failed -->
          <div class="suite-Suite-class-failed">
            <div class="main-panel-header rounded-window-top">
              <img src="failed.png"/>
              <span class="class-name">com.Breville.Tests.ManagePriceTest</span>
            </div> <!-- main-panel-header rounded-window-top -->
            <div class="main-panel-content rounded-window-bottom">
              <div class="method">
                <div class="method-content">
                  <a name="verifyPricingDetails(BBA500BSS)">
                  </a> <!-- verifyPricingDetails(BBA500BSS) -->
                  <span class="method-name">verifyPricingDetails</span>
                  <span class="parameters">(BBA500BSS)</span>
                  <div class="stack-trace">org.openqa.selenium.TimeoutException: Expected condition failed: waiting for visibility of Proxy element for: DefaultElementLocator &apos;By.xpath: //span[text()=&apos;RRP/MAP/Web Price:&apos;]//following :: input[1]&apos; (tried for 60 second(s) with 500 milliseconds interval)
	at org.openqa.selenium.support.ui.WebDriverWait.timeoutException(WebDriverWait.java:95)
	at org.openqa.selenium.support.ui.FluentWait.until(FluentWait.java:272)
	at com.Breville.Utilities.WrapperMethods.waitUntilElementIsVisible(WrapperMethods.java:52)
	at com.Breville.Utilities.WrapperMethods.enterText(WrapperMethods.java:62)
	at com.Breville.Pages.ManagePricePage.enterRRPPrice(ManagePricePage.java:30)
	at com.Breville.Tests.ManagePriceTest.verifyPricingDetails(ManagePriceTest.java:31)
Caused by: org.openqa.selenium.NoSuchElementException: no such element: Unable to locate element: {&quot;method&quot;:&quot;xpath&quot;,&quot;selector&quot;:&quot;//span[text()=&apos;RRP/MAP/Web Price:&apos;]//following :: input[1]&quot;}
  (Session info: chrome=89.0.4389.90)
For documentation on this error, please visit: https://www.seleniumhq.org/exceptions/no_such_element.html
Build info: version: &apos;3.141.59&apos;, revision: &apos;e82be7d358&apos;, time: &apos;2018-11-14T08:17:03&apos;
System info: host: &apos;DESKTOP-8UCS1B4&apos;, ip: &apos;192.168.1.2&apos;, os.name: &apos;Windows 10&apos;, os.arch: &apos;amd64&apos;, os.version: &apos;10.0&apos;, java.version: &apos;1.8.0_221&apos;
Driver info: org.openqa.selenium.chrome.ChromeDriver
Capabilities {acceptInsecureCerts: false, browserName: chrome, browserVersion: 89.0.4389.90, chrome: {chromedriverVersion: 89.0.4389.23 (61b08ee2c5002..., userDataDir: C:\Users\LENOVO\AppData\Loc...}, goog:chromeOptions: {debuggerAddress: localhost:52458}, javascriptEnabled: true, networkConnectionEnabled: false, pageLoadStrategy: normal, platform: WINDOWS, platformName: WINDOWS, proxy: Proxy(), setWindowRect: true, strictFileInteractability: false, timeouts: {implicit: 0, pageLoad: 300000, script: 30000}, unhandledPromptBehavior: dismiss and notify, webauthn:extension:largeBlob: true, webauthn:virtualAuthenticators: true}
Session ID: 567a8dcdbbbbfef2388eda41f2d79d6e
*** Element info: {Using=xpath, value=//span[text()=&apos;RRP/MAP/Web Price:&apos;]//following :: input[1]}
	at org.openqa.selenium.remote.http.W3CHttpResponseCodec.createException(W3CHttpResponseCodec.java:187)
	at org.openqa.selenium.remote.http.W3CHttpResponseCodec.decode(W3CHttpResponseCodec.java:122)
	at org.openqa.selenium.remote.http.W3CHttpResponseCodec.decode(W3CHttpResponseCodec.java:49)
	at org.openqa.selenium.remote.HttpCommandExecutor.execute(HttpCommandExecutor.java:158)
	at org.openqa.selenium.remote.service.DriverCommandExecutor.execute(DriverCommandExecutor.java:83)
	at org.openqa.selenium.remote.RemoteWebDriver.execute(RemoteWebDriver.java:552)
	at org.openqa.selenium.remote.RemoteWebDriver.findElement(RemoteWebDriver.java:323)
	at org.openqa.selenium.remote.RemoteWebDriver.findElementByXPath(RemoteWebDriver.java:428)
	at org.openqa.selenium.By$ByXPath.findElement(By.java:353)
	at org.openqa.selenium.remote.RemoteWebDriver.findElement(RemoteWebDriver.java:315)
	at org.openqa.selenium.support.pagefactory.DefaultElementLocator.findElement(DefaultElementLocator.java:69)
	at org.openqa.selenium.support.pagefactory.internal.LocatingElementHandler.invoke(LocatingElementHandler.java:38)
	at com.sun.proxy.$Proxy16.isDisplayed(Unknown Source)
	at org.openqa.selenium.support.ui.ExpectedConditions.elementIfVisible(ExpectedConditions.java:314)
	at org.openqa.selenium.support.ui.ExpectedConditions.access$000(ExpectedConditions.java:43)
	at org.openqa.selenium.support.ui.ExpectedConditions$10.apply(ExpectedConditions.java:300)
	at org.openqa.selenium.support.ui.ExpectedConditions$10.apply(ExpectedConditions.java:297)
	at org.openqa.selenium.support.ui.FluentWait.until(FluentWait.java:249)
	... 29 more
... Removed 28 stack frames
</div> <!-- stack-trace -->
                </div> <!-- method-content -->
              </div> <!-- method -->
            </div> <!-- main-panel-content rounded-window-bottom -->
          </div> <!-- suite-Suite-class-failed -->
          <div class="suite-Suite-class-skipped">
            <div class="main-panel-header rounded-window-top">
              <img src="skipped.png"/>
              <span class="class-name">com.Breville.Tests.ProductSearchNameTest</span>
            </div> <!-- main-panel-header rounded-window-top -->
            <div class="main-panel-content rounded-window-bottom">
              <div class="method">
                <div class="method-content">
                  <a name="verifyProductSearchName">
                  </a> <!-- verifyProductSearchName -->
                  <span class="method-name">verifyProductSearchName</span>
                  <div class="stack-trace">java.lang.AssertionError: test case is pass expected [Search Name is Mandatory] but found []
	at com.Breville.Tests.ProductSearchNameTest.verifyProductSearchName(ProductSearchNameTest.java:34)
... Removed 30 stack frames
</div> <!-- stack-trace -->
                </div> <!-- method-content -->
              </div> <!-- method -->
            </div> <!-- main-panel-content rounded-window-bottom -->
          </div> <!-- suite-Suite-class-skipped -->
          <div class="suite-Suite-class-skipped">
            <div class="main-panel-header rounded-window-top">
              <img src="skipped.png"/>
              <span class="class-name">com.Breville.Tests.LoginPageTest</span>
            </div> <!-- main-panel-header rounded-window-top -->
            <div class="main-panel-content rounded-window-bottom">
              <div class="method">
                <div class="method-content">
                  <a name="VerifyLoaginAndPublishItems(BEC250)">
                  </a> <!-- VerifyLoaginAndPublishItems(BEC250) -->
                  <span class="method-name">VerifyLoaginAndPublishItems</span>
                  <span class="parameters">(BEC250)</span>
                  <div class="stack-trace">org.openqa.selenium.NoSuchElementException: no such element: Unable to locate element: {&quot;method&quot;:&quot;xpath&quot;,&quot;selector&quot;:&quot;//div[text()=&apos;Saved successfully!&apos;]&quot;}
  (Session info: chrome=89.0.4389.90)
For documentation on this error, please visit: https://www.seleniumhq.org/exceptions/no_such_element.html
Build info: version: &apos;3.141.59&apos;, revision: &apos;e82be7d358&apos;, time: &apos;2018-11-14T08:17:03&apos;
System info: host: &apos;DESKTOP-8UCS1B4&apos;, ip: &apos;192.168.1.2&apos;, os.name: &apos;Windows 10&apos;, os.arch: &apos;amd64&apos;, os.version: &apos;10.0&apos;, java.version: &apos;1.8.0_221&apos;
Driver info: org.openqa.selenium.chrome.ChromeDriver
Capabilities {acceptInsecureCerts: false, browserName: chrome, browserVersion: 89.0.4389.90, chrome: {chromedriverVersion: 89.0.4389.23 (61b08ee2c5002..., userDataDir: C:\Users\LENOVO\AppData\Loc...}, goog:chromeOptions: {debuggerAddress: localhost:51919}, javascriptEnabled: true, networkConnectionEnabled: false, pageLoadStrategy: normal, platform: WINDOWS, platformName: WINDOWS, proxy: Proxy(), setWindowRect: true, strictFileInteractability: false, timeouts: {implicit: 0, pageLoad: 300000, script: 30000}, unhandledPromptBehavior: dismiss and notify, webauthn:extension:largeBlob: true, webauthn:virtualAuthenticators: true}
Session ID: bbe2b622ff86845efd2563e618f31298
*** Element info: {Using=xpath, value=//div[text()=&apos;Saved successfully!&apos;]}
	at org.openqa.selenium.remote.http.W3CHttpResponseCodec.createException(W3CHttpResponseCodec.java:187)
	at org.openqa.selenium.remote.http.W3CHttpResponseCodec.decode(W3CHttpResponseCodec.java:122)
	at org.openqa.selenium.remote.http.W3CHttpResponseCodec.decode(W3CHttpResponseCodec.java:49)
	at org.openqa.selenium.remote.HttpCommandExecutor.execute(HttpCommandExecutor.java:158)
	at org.openqa.selenium.remote.service.DriverCommandExecutor.execute(DriverCommandExecutor.java:83)
	at org.openqa.selenium.remote.RemoteWebDriver.execute(RemoteWebDriver.java:552)
	at org.openqa.selenium.remote.RemoteWebDriver.findElement(RemoteWebDriver.java:323)
	at org.openqa.selenium.remote.RemoteWebDriver.findElementByXPath(RemoteWebDriver.java:428)
	at org.openqa.selenium.By$ByXPath.findElement(By.java:353)
	at org.openqa.selenium.remote.RemoteWebDriver.findElement(RemoteWebDriver.java:315)
	at org.openqa.selenium.support.pagefactory.DefaultElementLocator.findElement(DefaultElementLocator.java:69)
	at org.openqa.selenium.support.pagefactory.internal.LocatingElementHandler.invoke(LocatingElementHandler.java:38)
	at com.sun.proxy.$Proxy16.getText(Unknown Source)
	at com.Breville.Pages.HomePage.verifyPublishSuccesfullMessage(HomePage.java:277)
	at com.Breville.Tests.LoginPageTest.VerifyLoaginAndPublishItems(LoginPageTest.java:33)
... Removed 29 stack frames
</div> <!-- stack-trace -->
                </div> <!-- method-content -->
              </div> <!-- method -->
              <div class="method">
                <div class="method-content">
                  <a name="VerifyLoaginAndPublishItems(BEC250)">
                  </a> <!-- VerifyLoaginAndPublishItems(BEC250) -->
                  <span class="method-name">VerifyLoaginAndPublishItems</span>
                  <span class="parameters">(BEC250)</span>
                  <div class="stack-trace">org.openqa.selenium.NoSuchElementException: no such element: Unable to locate element: {&quot;method&quot;:&quot;xpath&quot;,&quot;selector&quot;:&quot;//div[text()=&apos;Saved successfully!&apos;]&quot;}
  (Session info: chrome=89.0.4389.90)
For documentation on this error, please visit: https://www.seleniumhq.org/exceptions/no_such_element.html
Build info: version: &apos;3.141.59&apos;, revision: &apos;e82be7d358&apos;, time: &apos;2018-11-14T08:17:03&apos;
System info: host: &apos;DESKTOP-8UCS1B4&apos;, ip: &apos;192.168.1.2&apos;, os.name: &apos;Windows 10&apos;, os.arch: &apos;amd64&apos;, os.version: &apos;10.0&apos;, java.version: &apos;1.8.0_221&apos;
Driver info: org.openqa.selenium.chrome.ChromeDriver
Capabilities {acceptInsecureCerts: false, browserName: chrome, browserVersion: 89.0.4389.90, chrome: {chromedriverVersion: 89.0.4389.23 (61b08ee2c5002..., userDataDir: C:\Users\LENOVO\AppData\Loc...}, goog:chromeOptions: {debuggerAddress: localhost:51958}, javascriptEnabled: true, networkConnectionEnabled: false, pageLoadStrategy: normal, platform: WINDOWS, platformName: WINDOWS, proxy: Proxy(), setWindowRect: true, strictFileInteractability: false, timeouts: {implicit: 0, pageLoad: 300000, script: 30000}, unhandledPromptBehavior: dismiss and notify, webauthn:extension:largeBlob: true, webauthn:virtualAuthenticators: true}
Session ID: cd6bfbb6a2e963d63426df6f0838c9b5
*** Element info: {Using=xpath, value=//div[text()=&apos;Saved successfully!&apos;]}
	at org.openqa.selenium.remote.http.W3CHttpResponseCodec.createException(W3CHttpResponseCodec.java:187)
	at org.openqa.selenium.remote.http.W3CHttpResponseCodec.decode(W3CHttpResponseCodec.java:122)
	at org.openqa.selenium.remote.http.W3CHttpResponseCodec.decode(W3CHttpResponseCodec.java:49)
	at org.openqa.selenium.remote.HttpCommandExecutor.execute(HttpCommandExecutor.java:158)
	at org.openqa.selenium.remote.service.DriverCommandExecutor.execute(DriverCommandExecutor.java:83)
	at org.openqa.selenium.remote.RemoteWebDriver.execute(RemoteWebDriver.java:552)
	at org.openqa.selenium.remote.RemoteWebDriver.findElement(RemoteWebDriver.java:323)
	at org.openqa.selenium.remote.RemoteWebDriver.findElementByXPath(RemoteWebDriver.java:428)
	at org.openqa.selenium.By$ByXPath.findElement(By.java:353)
	at org.openqa.selenium.remote.RemoteWebDriver.findElement(RemoteWebDriver.java:315)
	at org.openqa.selenium.support.pagefactory.DefaultElementLocator.findElement(DefaultElementLocator.java:69)
	at org.openqa.selenium.support.pagefactory.internal.LocatingElementHandler.invoke(LocatingElementHandler.java:38)
	at com.sun.proxy.$Proxy16.getText(Unknown Source)
	at com.Breville.Pages.HomePage.verifyPublishSuccesfullMessage(HomePage.java:277)
	at com.Breville.Tests.LoginPageTest.VerifyLoaginAndPublishItems(LoginPageTest.java:33)
... Removed 29 stack frames
</div> <!-- stack-trace -->
                </div> <!-- method-content -->
              </div> <!-- method -->
            </div> <!-- main-panel-content rounded-window-bottom -->
          </div> <!-- suite-Suite-class-skipped -->
          <div class="suite-Suite-class-skipped">
            <div class="main-panel-header rounded-window-top">
              <img src="skipped.png"/>
              <span class="class-name">com.Breville.Tests.BrandNameValidationTest</span>
            </div> <!-- main-panel-header rounded-window-top -->
            <div class="main-panel-content rounded-window-bottom">
              <div class="method">
                <div class="method-content">
                  <a name="verifyBrandName">
                  </a> <!-- verifyBrandName -->
                  <span class="method-name">verifyBrandName</span>
                  <div class="stack-trace">java.lang.AssertionError: test case is pass expected [Brand cannot be empty.] but found []
	at com.Breville.Tests.BrandNameValidationTest.verifyBrandName(BrandNameValidationTest.java:33)
... Removed 30 stack frames
</div> <!-- stack-trace -->
                </div> <!-- method-content -->
              </div> <!-- method -->
            </div> <!-- main-panel-content rounded-window-bottom -->
          </div> <!-- suite-Suite-class-skipped -->
          <div class="suite-Suite-class-skipped">
            <div class="main-panel-header rounded-window-top">
              <img src="skipped.png"/>
              <span class="class-name">com.Breville.Tests.ManagePriceTest</span>
            </div> <!-- main-panel-header rounded-window-top -->
            <div class="main-panel-content rounded-window-bottom">
              <div class="method">
                <div class="method-content">
                  <a name="verifyPricingDetails(BBA500BSS)">
                  </a> <!-- verifyPricingDetails(BBA500BSS) -->
                  <span class="method-name">verifyPricingDetails</span>
                  <span class="parameters">(BBA500BSS)</span>
                  <div class="stack-trace">org.openqa.selenium.TimeoutException: Expected condition failed: waiting for visibility of Proxy element for: DefaultElementLocator &apos;By.xpath: //span[text()=&apos;RRP/MAP/Web Price:&apos;]//following :: input[1]&apos; (tried for 60 second(s) with 500 milliseconds interval)
	at org.openqa.selenium.support.ui.WebDriverWait.timeoutException(WebDriverWait.java:95)
	at org.openqa.selenium.support.ui.FluentWait.until(FluentWait.java:272)
	at com.Breville.Utilities.WrapperMethods.waitUntilElementIsVisible(WrapperMethods.java:52)
	at com.Breville.Utilities.WrapperMethods.enterText(WrapperMethods.java:62)
	at com.Breville.Pages.ManagePricePage.enterRRPPrice(ManagePricePage.java:30)
	at com.Breville.Tests.ManagePriceTest.verifyPricingDetails(ManagePriceTest.java:31)
Caused by: org.openqa.selenium.NoSuchElementException: no such element: Unable to locate element: {&quot;method&quot;:&quot;xpath&quot;,&quot;selector&quot;:&quot;//span[text()=&apos;RRP/MAP/Web Price:&apos;]//following :: input[1]&quot;}
  (Session info: chrome=89.0.4389.90)
For documentation on this error, please visit: https://www.seleniumhq.org/exceptions/no_such_element.html
Build info: version: &apos;3.141.59&apos;, revision: &apos;e82be7d358&apos;, time: &apos;2018-11-14T08:17:03&apos;
System info: host: &apos;DESKTOP-8UCS1B4&apos;, ip: &apos;192.168.1.2&apos;, os.name: &apos;Windows 10&apos;, os.arch: &apos;amd64&apos;, os.version: &apos;10.0&apos;, java.version: &apos;1.8.0_221&apos;
Driver info: org.openqa.selenium.chrome.ChromeDriver
Capabilities {acceptInsecureCerts: false, browserName: chrome, browserVersion: 89.0.4389.90, chrome: {chromedriverVersion: 89.0.4389.23 (61b08ee2c5002..., userDataDir: C:\Users\LENOVO\AppData\Loc...}, goog:chromeOptions: {debuggerAddress: localhost:52388}, javascriptEnabled: true, networkConnectionEnabled: false, pageLoadStrategy: normal, platform: WINDOWS, platformName: WINDOWS, proxy: Proxy(), setWindowRect: true, strictFileInteractability: false, timeouts: {implicit: 0, pageLoad: 300000, script: 30000}, unhandledPromptBehavior: dismiss and notify, webauthn:extension:largeBlob: true, webauthn:virtualAuthenticators: true}
Session ID: d30c76adcfcd3d083a9952e12b1fa088
*** Element info: {Using=xpath, value=//span[text()=&apos;RRP/MAP/Web Price:&apos;]//following :: input[1]}
	at org.openqa.selenium.remote.http.W3CHttpResponseCodec.createException(W3CHttpResponseCodec.java:187)
	at org.openqa.selenium.remote.http.W3CHttpResponseCodec.decode(W3CHttpResponseCodec.java:122)
	at org.openqa.selenium.remote.http.W3CHttpResponseCodec.decode(W3CHttpResponseCodec.java:49)
	at org.openqa.selenium.remote.HttpCommandExecutor.execute(HttpCommandExecutor.java:158)
	at org.openqa.selenium.remote.service.DriverCommandExecutor.execute(DriverCommandExecutor.java:83)
	at org.openqa.selenium.remote.RemoteWebDriver.execute(RemoteWebDriver.java:552)
	at org.openqa.selenium.remote.RemoteWebDriver.findElement(RemoteWebDriver.java:323)
	at org.openqa.selenium.remote.RemoteWebDriver.findElementByXPath(RemoteWebDriver.java:428)
	at org.openqa.selenium.By$ByXPath.findElement(By.java:353)
	at org.openqa.selenium.remote.RemoteWebDriver.findElement(RemoteWebDriver.java:315)
	at org.openqa.selenium.support.pagefactory.DefaultElementLocator.findElement(DefaultElementLocator.java:69)
	at org.openqa.selenium.support.pagefactory.internal.LocatingElementHandler.invoke(LocatingElementHandler.java:38)
	at com.sun.proxy.$Proxy16.isDisplayed(Unknown Source)
	at org.openqa.selenium.support.ui.ExpectedConditions.elementIfVisible(ExpectedConditions.java:314)
	at org.openqa.selenium.support.ui.ExpectedConditions.access$000(ExpectedConditions.java:43)
	at org.openqa.selenium.support.ui.ExpectedConditions$10.apply(ExpectedConditions.java:300)
	at org.openqa.selenium.support.ui.ExpectedConditions$10.apply(ExpectedConditions.java:297)
	at org.openqa.selenium.support.ui.FluentWait.until(FluentWait.java:249)
	... 29 more
... Removed 28 stack frames
</div> <!-- stack-trace -->
                </div> <!-- method-content -->
              </div> <!-- method -->
              <div class="method">
                <div class="method-content">
                  <a name="verifyPricingDetails(BBA500BSS)">
                  </a> <!-- verifyPricingDetails(BBA500BSS) -->
                  <span class="method-name">verifyPricingDetails</span>
                  <span class="parameters">(BBA500BSS)</span>
                  <div class="stack-trace">org.openqa.selenium.TimeoutException: Expected condition failed: waiting for visibility of Proxy element for: DefaultElementLocator &apos;By.xpath: //span[text()=&apos;RRP/MAP/Web Price:&apos;]//following :: input[1]&apos; (tried for 60 second(s) with 500 milliseconds interval)
	at org.openqa.selenium.support.ui.WebDriverWait.timeoutException(WebDriverWait.java:95)
	at org.openqa.selenium.support.ui.FluentWait.until(FluentWait.java:272)
	at com.Breville.Utilities.WrapperMethods.waitUntilElementIsVisible(WrapperMethods.java:52)
	at com.Breville.Utilities.WrapperMethods.enterText(WrapperMethods.java:62)
	at com.Breville.Pages.ManagePricePage.enterRRPPrice(ManagePricePage.java:30)
	at com.Breville.Tests.ManagePriceTest.verifyPricingDetails(ManagePriceTest.java:31)
Caused by: org.openqa.selenium.NoSuchElementException: no such element: Unable to locate element: {&quot;method&quot;:&quot;xpath&quot;,&quot;selector&quot;:&quot;//span[text()=&apos;RRP/MAP/Web Price:&apos;]//following :: input[1]&quot;}
  (Session info: chrome=89.0.4389.90)
For documentation on this error, please visit: https://www.seleniumhq.org/exceptions/no_such_element.html
Build info: version: &apos;3.141.59&apos;, revision: &apos;e82be7d358&apos;, time: &apos;2018-11-14T08:17:03&apos;
System info: host: &apos;DESKTOP-8UCS1B4&apos;, ip: &apos;192.168.1.2&apos;, os.name: &apos;Windows 10&apos;, os.arch: &apos;amd64&apos;, os.version: &apos;10.0&apos;, java.version: &apos;1.8.0_221&apos;
Driver info: org.openqa.selenium.chrome.ChromeDriver
Capabilities {acceptInsecureCerts: false, browserName: chrome, browserVersion: 89.0.4389.90, chrome: {chromedriverVersion: 89.0.4389.23 (61b08ee2c5002..., userDataDir: C:\Users\LENOVO\AppData\Loc...}, goog:chromeOptions: {debuggerAddress: localhost:52324}, javascriptEnabled: true, networkConnectionEnabled: false, pageLoadStrategy: normal, platform: WINDOWS, platformName: WINDOWS, proxy: Proxy(), setWindowRect: true, strictFileInteractability: false, timeouts: {implicit: 0, pageLoad: 300000, script: 30000}, unhandledPromptBehavior: dismiss and notify, webauthn:extension:largeBlob: true, webauthn:virtualAuthenticators: true}
Session ID: 5a4b4ed81c9b86bb466e9d3e340f0e11
*** Element info: {Using=xpath, value=//span[text()=&apos;RRP/MAP/Web Price:&apos;]//following :: input[1]}
	at org.openqa.selenium.remote.http.W3CHttpResponseCodec.createException(W3CHttpResponseCodec.java:187)
	at org.openqa.selenium.remote.http.W3CHttpResponseCodec.decode(W3CHttpResponseCodec.java:122)
	at org.openqa.selenium.remote.http.W3CHttpResponseCodec.decode(W3CHttpResponseCodec.java:49)
	at org.openqa.selenium.remote.HttpCommandExecutor.execute(HttpCommandExecutor.java:158)
	at org.openqa.selenium.remote.service.DriverCommandExecutor.execute(DriverCommandExecutor.java:83)
	at org.openqa.selenium.remote.RemoteWebDriver.execute(RemoteWebDriver.java:552)
	at org.openqa.selenium.remote.RemoteWebDriver.findElement(RemoteWebDriver.java:323)
	at org.openqa.selenium.remote.RemoteWebDriver.findElementByXPath(RemoteWebDriver.java:428)
	at org.openqa.selenium.By$ByXPath.findElement(By.java:353)
	at org.openqa.selenium.remote.RemoteWebDriver.findElement(RemoteWebDriver.java:315)
	at org.openqa.selenium.support.pagefactory.DefaultElementLocator.findElement(DefaultElementLocator.java:69)
	at org.openqa.selenium.support.pagefactory.internal.LocatingElementHandler.invoke(LocatingElementHandler.java:38)
	at com.sun.proxy.$Proxy16.isDisplayed(Unknown Source)
	at org.openqa.selenium.support.ui.ExpectedConditions.elementIfVisible(ExpectedConditions.java:314)
	at org.openqa.selenium.support.ui.ExpectedConditions.access$000(ExpectedConditions.java:43)
	at org.openqa.selenium.support.ui.ExpectedConditions$10.apply(ExpectedConditions.java:300)
	at org.openqa.selenium.support.ui.ExpectedConditions$10.apply(ExpectedConditions.java:297)
	at org.openqa.selenium.support.ui.FluentWait.until(FluentWait.java:249)
	... 29 more
... Removed 28 stack frames
</div> <!-- stack-trace -->
                </div> <!-- method-content -->
              </div> <!-- method -->
            </div> <!-- main-panel-content rounded-window-bottom -->
          </div> <!-- suite-Suite-class-skipped -->
          <div class="suite-Suite-class-passed">
            <div class="main-panel-header rounded-window-top">
              <img src="passed.png"/>
              <span class="class-name">com.Breville.Tests.ProductSearchNameTest</span>
            </div> <!-- main-panel-header rounded-window-top -->
            <div class="main-panel-content rounded-window-bottom">
              <div class="method">
                <div class="method-content">
                  <a name="verifyProductSearchName">
                  </a> <!-- verifyProductSearchName -->
                  <span class="method-name">verifyProductSearchName</span>
                </div> <!-- method-content -->
              </div> <!-- method -->
            </div> <!-- main-panel-content rounded-window-bottom -->
          </div> <!-- suite-Suite-class-passed -->
          <div class="suite-Suite-class-passed">
            <div class="main-panel-header rounded-window-top">
              <img src="passed.png"/>
              <span class="class-name">com.Breville.Tests.LoginPageTest</span>
            </div> <!-- main-panel-header rounded-window-top -->
            <div class="main-panel-content rounded-window-bottom">
              <div class="method">
                <div class="method-content">
                  <a name="VerifyLoaginAndPublishItems(BBA500BSS)">
                  </a> <!-- VerifyLoaginAndPublishItems(BBA500BSS) -->
                  <span class="method-name">VerifyLoaginAndPublishItems</span>
                  <span class="parameters">(BBA500BSS)</span>
                </div> <!-- method-content -->
              </div> <!-- method -->
              <div class="method">
                <div class="method-content">
                  <a name="VerifyLoaginAndPublishItems(BDC0030NUC1)">
                  </a> <!-- VerifyLoaginAndPublishItems(BDC0030NUC1) -->
                  <span class="method-name">VerifyLoaginAndPublishItems</span>
                  <span class="parameters">(BDC0030NUC1)</span>
                </div> <!-- method-content -->
              </div> <!-- method -->
              <div class="method">
                <div class="method-content">
                  <a name="VerifyLoaginAndPublishItems(AQP-LSAN)">
                  </a> <!-- VerifyLoaginAndPublishItems(AQP-LSAN) -->
                  <span class="method-name">VerifyLoaginAndPublishItems</span>
                  <span class="parameters">(AQP-LSAN)</span>
                </div> <!-- method-content -->
              </div> <!-- method -->
              <div class="method">
                <div class="method-content">
                  <a name="VerifyLoaginAndPublishItems(SOV001BAM0NUK1)">
                  </a> <!-- VerifyLoaginAndPublishItems(SOV001BAM0NUK1) -->
                  <span class="method-name">VerifyLoaginAndPublishItems</span>
                  <span class="parameters">(SOV001BAM0NUK1)</span>
                </div> <!-- method-content -->
              </div> <!-- method -->
            </div> <!-- main-panel-content rounded-window-bottom -->
          </div> <!-- suite-Suite-class-passed -->
          <div class="suite-Suite-class-passed">
            <div class="main-panel-header rounded-window-top">
              <img src="passed.png"/>
              <span class="class-name">com.Breville.Tests.BrandNameValidationTest</span>
            </div> <!-- main-panel-header rounded-window-top -->
            <div class="main-panel-content rounded-window-bottom">
              <div class="method">
                <div class="method-content">
                  <a name="verifyBrandName">
                  </a> <!-- verifyBrandName -->
                  <span class="method-name">verifyBrandName</span>
                </div> <!-- method-content -->
              </div> <!-- method -->
            </div> <!-- main-panel-content rounded-window-bottom -->
          </div> <!-- suite-Suite-class-passed -->
          <div class="suite-Suite-class-passed">
            <div class="main-panel-header rounded-window-top">
              <img src="passed.png"/>
              <span class="class-name">com.Breville.Tests.ItemStatusLinkTest</span>
            </div> <!-- main-panel-header rounded-window-top -->
            <div class="main-panel-content rounded-window-bottom">
              <div class="method">
                <div class="method-content">
                  <a name="verifyItemStatusLink(BDC0030NUC1)">
                  </a> <!-- verifyItemStatusLink(BDC0030NUC1) -->
                  <span class="method-name">verifyItemStatusLink</span>
                  <span class="parameters">(BDC0030NUC1)</span>
                </div> <!-- method-content -->
              </div> <!-- method -->
              <div class="method">
                <div class="method-content">
                  <a name="verifyItemStatusLink(SOV001BAM0NUK1)">
                  </a> <!-- verifyItemStatusLink(SOV001BAM0NUK1) -->
                  <span class="method-name">verifyItemStatusLink</span>
                  <span class="parameters">(SOV001BAM0NUK1)</span>
                </div> <!-- method-content -->
              </div> <!-- method -->
              <div class="method">
                <div class="method-content">
                  <a name="verifyItemStatusLink(BBA500BSS)">
                  </a> <!-- verifyItemStatusLink(BBA500BSS) -->
                  <span class="method-name">verifyItemStatusLink</span>
                  <span class="parameters">(BBA500BSS)</span>
                </div> <!-- method-content -->
              </div> <!-- method -->
              <div class="method">
                <div class="method-content">
                  <a name="verifyItemStatusLink(BEC250)">
                  </a> <!-- verifyItemStatusLink(BEC250) -->
                  <span class="method-name">verifyItemStatusLink</span>
                  <span class="parameters">(BEC250)</span>
                </div> <!-- method-content -->
              </div> <!-- method -->
              <div class="method">
                <div class="method-content">
                  <a name="verifyItemStatusLink(AQP-LSAN)">
                  </a> <!-- verifyItemStatusLink(AQP-LSAN) -->
                  <span class="method-name">verifyItemStatusLink</span>
                  <span class="parameters">(AQP-LSAN)</span>
                </div> <!-- method-content -->
              </div> <!-- method -->
            </div> <!-- main-panel-content rounded-window-bottom -->
          </div> <!-- suite-Suite-class-passed -->
          <div class="suite-Suite-class-passed">
            <div class="main-panel-header rounded-window-top">
              <img src="passed.png"/>
              <span class="class-name">com.Breville.Tests.ManagePriceTest</span>
            </div> <!-- main-panel-header rounded-window-top -->
            <div class="main-panel-content rounded-window-bottom">
              <div class="method">
                <div class="method-content">
                  <a name="verifyPricingDetails(BDC0030NUC1)">
                  </a> <!-- verifyPricingDetails(BDC0030NUC1) -->
                  <span class="method-name">verifyPricingDetails</span>
                  <span class="parameters">(BDC0030NUC1)</span>
                </div> <!-- method-content -->
              </div> <!-- method -->
              <div class="method">
                <div class="method-content">
                  <a name="verifyPricingDetails(BES0030NUC1)">
                  </a> <!-- verifyPricingDetails(BES0030NUC1) -->
                  <span class="method-name">verifyPricingDetails</span>
                  <span class="parameters">(BES0030NUC1)</span>
                </div> <!-- method-content -->
              </div> <!-- method -->
              <div class="method">
                <div class="method-content">
                  <a name="verifyPricingDetails(SOV001BAM0NUK1)">
                  </a> <!-- verifyPricingDetails(SOV001BAM0NUK1) -->
                  <span class="method-name">verifyPricingDetails</span>
                  <span class="parameters">(SOV001BAM0NUK1)</span>
                </div> <!-- method-content -->
              </div> <!-- method -->
            </div> <!-- main-panel-content rounded-window-bottom -->
          </div> <!-- suite-Suite-class-passed -->
          <div class="suite-Suite-class-passed">
            <div class="main-panel-header rounded-window-top">
              <img src="passed.png"/>
              <span class="class-name">com.Breville.Tests.ExportProductTest</span>
            </div> <!-- main-panel-header rounded-window-top -->
            <div class="main-panel-content rounded-window-bottom">
              <div class="method">
                <div class="method-content">
                  <a name="verifyProductExport">
                  </a> <!-- verifyProductExport -->
                  <span class="method-name">verifyProductExport</span>
                </div> <!-- method-content -->
              </div> <!-- method -->
            </div> <!-- main-panel-content rounded-window-bottom -->
          </div> <!-- suite-Suite-class-passed -->
        </div> <!-- panel Suite -->
        <div panel-name="test-xml-Suite" class="panel">
          <div class="main-panel-header rounded-window-top">
            <span class="header-content">C:\Breville_Automation\Breville_Project_Automation\testng.xml</span>
          </div> <!-- main-panel-header rounded-window-top -->
          <div class="main-panel-content rounded-window-bottom">
            <pre>
&lt;?xml version=&quot;1.0&quot; encoding=&quot;UTF-8&quot;?&gt;
&lt;!DOCTYPE suite SYSTEM &quot;http://testng.org/testng-1.0.dtd&quot;&gt;
&lt;suite guice-stage=&quot;DEVELOPMENT&quot; name=&quot;Suite&quot;&gt;
  &lt;listeners&gt;
    &lt;listener class-name=&quot;com.Breville.Utilities.RetryListenerClass&quot;/&gt;
  &lt;/listeners&gt;
  &lt;test thread-count=&quot;5&quot; name=&quot;Test&quot;&gt;
    &lt;classes&gt;
      &lt;class name=&quot;com.Breville.Tests.LoginPageTest&quot;/&gt;
      &lt;class name=&quot;com.Breville.Tests.ExportProductTest&quot;/&gt;
      &lt;class name=&quot;com.Breville.Tests.ItemStatusLinkTest&quot;/&gt;
      &lt;class name=&quot;com.Breville.Tests.ManagePriceTest&quot;/&gt;
      &lt;class name=&quot;com.Breville.Tests.BrandNameValidationTest&quot;/&gt;
      &lt;class name=&quot;com.Breville.Tests.ProductSearchNameTest&quot;/&gt;
    &lt;/classes&gt;
  &lt;/test&gt; &lt;!-- Test --&gt;
&lt;/suite&gt; &lt;!-- Suite --&gt;
            </pre>
          </div> <!-- main-panel-content rounded-window-bottom -->
        </div> <!-- panel -->
        <div panel-name="testlist-Suite" class="panel">
          <div class="main-panel-header rounded-window-top">
            <span class="header-content">Tests for Suite</span>
          </div> <!-- main-panel-header rounded-window-top -->
          <div class="main-panel-content rounded-window-bottom">
            <ul>
              <li>
                <span class="test-name">Test (6 classes)</span>
              </li>
            </ul>
          </div> <!-- main-panel-content rounded-window-bottom -->
        </div> <!-- panel -->
        <div panel-name="group-Suite" class="panel">
          <div class="main-panel-header rounded-window-top">
            <span class="header-content">Groups for Suite</span>
          </div> <!-- main-panel-header rounded-window-top -->
          <div class="main-panel-content rounded-window-bottom">
          </div> <!-- main-panel-content rounded-window-bottom -->
        </div> <!-- panel -->
        <div panel-name="times-Suite" class="panel">
          <div class="main-panel-header rounded-window-top">
            <span class="header-content">Times for Suite</span>
          </div> <!-- main-panel-header rounded-window-top -->
          <div class="main-panel-content rounded-window-bottom">
            <div class="times-div">
              <script type="text/javascript">
suiteTableInitFunctions.push('tableData_Suite');
function tableData_Suite() {
var data = new google.visualization.DataTable();
data.addColumn('number', 'Number');
data.addColumn('string', 'Method');
data.addColumn('string', 'Class');
data.addColumn('number', 'Time (ms)');
data.addRows(23);
data.setCell(0, 0, 0)
data.setCell(0, 1, 'verifyPricingDetails')
data.setCell(0, 2, 'com.Breville.Tests.ManagePriceTest')
data.setCell(0, 3, 86813);
data.setCell(1, 0, 1)
data.setCell(1, 1, 'verifyPricingDetails')
data.setCell(1, 2, 'com.Breville.Tests.ManagePriceTest')
data.setCell(1, 3, 83726);
data.setCell(2, 0, 2)
data.setCell(2, 1, 'verifyPricingDetails')
data.setCell(2, 2, 'com.Breville.Tests.ManagePriceTest')
data.setCell(2, 3, 83127);
data.setCell(3, 0, 3)
data.setCell(3, 1, 'VerifyLoaginAndPublishItems')
data.setCell(3, 2, 'com.Breville.Tests.LoginPageTest')
data.setCell(3, 3, 39439);
data.setCell(4, 0, 4)
data.setCell(4, 1, 'verifyProductExport')
data.setCell(4, 2, 'com.Breville.Tests.ExportProductTest')
data.setCell(4, 3, 39211);
data.setCell(5, 0, 5)
data.setCell(5, 1, 'VerifyLoaginAndPublishItems')
data.setCell(5, 2, 'com.Breville.Tests.LoginPageTest')
data.setCell(5, 3, 31152);
data.setCell(6, 0, 6)
data.setCell(6, 1, 'VerifyLoaginAndPublishItems')
data.setCell(6, 2, 'com.Breville.Tests.LoginPageTest')
data.setCell(6, 3, 30367);
data.setCell(7, 0, 7)
data.setCell(7, 1, 'verifyBrandName')
data.setCell(7, 2, 'com.Breville.Tests.BrandNameValidationTest')
data.setCell(7, 3, 29496);
data.setCell(8, 0, 8)
data.setCell(8, 1, 'verifyProductSearchName')
data.setCell(8, 2, 'com.Breville.Tests.ProductSearchNameTest')
data.setCell(8, 3, 28695);
data.setCell(9, 0, 9)
data.setCell(9, 1, 'VerifyLoaginAndPublishItems')
data.setCell(9, 2, 'com.Breville.Tests.LoginPageTest')
data.setCell(9, 3, 21759);
data.setCell(10, 0, 10)
data.setCell(10, 1, 'VerifyLoaginAndPublishItems')
data.setCell(10, 2, 'com.Breville.Tests.LoginPageTest')
data.setCell(10, 3, 21755);
data.setCell(11, 0, 11)
data.setCell(11, 1, 'VerifyLoaginAndPublishItems')
data.setCell(11, 2, 'com.Breville.Tests.LoginPageTest')
data.setCell(11, 3, 21081);
data.setCell(12, 0, 12)
data.setCell(12, 1, 'verifyPricingDetails')
data.setCell(12, 2, 'com.Breville.Tests.ManagePriceTest')
data.setCell(12, 3, 20604);
data.setCell(13, 0, 13)
data.setCell(13, 1, 'verifyProductSearchName')
data.setCell(13, 2, 'com.Breville.Tests.ProductSearchNameTest')
data.setCell(13, 3, 19877);
data.setCell(14, 0, 14)
data.setCell(14, 1, 'verifyPricingDetails')
data.setCell(14, 2, 'com.Breville.Tests.ManagePriceTest')
data.setCell(14, 3, 19752);
data.setCell(15, 0, 15)
data.setCell(15, 1, 'verifyItemStatusLink')
data.setCell(15, 2, 'com.Breville.Tests.ItemStatusLinkTest')
data.setCell(15, 3, 19608);
data.setCell(16, 0, 16)
data.setCell(16, 1, 'verifyItemStatusLink')
data.setCell(16, 2, 'com.Breville.Tests.ItemStatusLinkTest')
data.setCell(16, 3, 19507);
data.setCell(17, 0, 17)
data.setCell(17, 1, 'verifyBrandName')
data.setCell(17, 2, 'com.Breville.Tests.BrandNameValidationTest')
data.setCell(17, 3, 19237);
data.setCell(18, 0, 18)
data.setCell(18, 1, 'verifyItemStatusLink')
data.setCell(18, 2, 'com.Breville.Tests.ItemStatusLinkTest')
data.setCell(18, 3, 18849);
data.setCell(19, 0, 19)
data.setCell(19, 1, 'verifyItemStatusLink')
data.setCell(19, 2, 'com.Breville.Tests.ItemStatusLinkTest')
data.setCell(19, 3, 18830);
data.setCell(20, 0, 20)
data.setCell(20, 1, 'verifyItemStatusLink')
data.setCell(20, 2, 'com.Breville.Tests.ItemStatusLinkTest')
data.setCell(20, 3, 18497);
data.setCell(21, 0, 21)
data.setCell(21, 1, 'verifyPricingDetails')
data.setCell(21, 2, 'com.Breville.Tests.ManagePriceTest')
data.setCell(21, 3, 18196);
data.setCell(22, 0, 22)
data.setCell(22, 1, 'VerifyLoaginAndPublishItems')
data.setCell(22, 2, 'com.Breville.Tests.LoginPageTest')
data.setCell(22, 3, 16497);
window.suiteTableData['Suite']= { tableData: data, tableDiv: 'times-div-Suite'}
return data;
}
              </script>
              <span class="suite-total-time">Total running time: 12 minutes</span>
              <div id="times-div-Suite">
              </div> <!-- times-div-Suite -->
            </div> <!-- times-div -->
          </div> <!-- main-panel-content rounded-window-bottom -->
        </div> <!-- panel -->
        <div panel-name="reporter-Suite" class="panel">
          <div class="main-panel-header rounded-window-top">
            <span class="header-content">Reporter output for Suite</span>
          </div> <!-- main-panel-header rounded-window-top -->
          <div class="main-panel-content rounded-window-bottom">
          </div> <!-- main-panel-content rounded-window-bottom -->
        </div> <!-- panel -->
        <div panel-name="ignored-methods-Suite" class="panel">
          <div class="main-panel-header rounded-window-top">
            <span class="header-content">10 ignored methods</span>
          </div> <!-- main-panel-header rounded-window-top -->
          <div class="main-panel-content rounded-window-bottom">
            <div class="ignored-class-div">
              <span class="ignored-class-name">com.Breville.Tests.ProductSearchNameTest</span>
              <div class="ignored-methods-div">
                <span class="ignored-method-name">setExtent</span>
                <br/>
                <span class="ignored-method-name">endReport</span>
                <br/>
              </div> <!-- ignored-methods-div -->
            </div> <!-- ignored-class-div -->
            <div class="ignored-class-div">
              <span class="ignored-class-name">com.Breville.Tests.BrandNameValidationTest</span>
              <div class="ignored-methods-div">
                <span class="ignored-method-name">setExtent</span>
                <br/>
                <span class="ignored-method-name">endReport</span>
                <br/>
              </div> <!-- ignored-methods-div -->
            </div> <!-- ignored-class-div -->
            <div class="ignored-class-div">
              <span class="ignored-class-name">com.Breville.Tests.ItemStatusLinkTest</span>
              <div class="ignored-methods-div">
                <span class="ignored-method-name">setExtent</span>
                <br/>
                <span class="ignored-method-name">endReport</span>
                <br/>
              </div> <!-- ignored-methods-div -->
            </div> <!-- ignored-class-div -->
            <div class="ignored-class-div">
              <span class="ignored-class-name">com.Breville.Tests.ManagePriceTest</span>
              <div class="ignored-methods-div">
                <span class="ignored-method-name">setExtent</span>
                <br/>
                <span class="ignored-method-name">endReport</span>
                <br/>
              </div> <!-- ignored-methods-div -->
            </div> <!-- ignored-class-div -->
            <div class="ignored-class-div">
              <span class="ignored-class-name">com.Breville.Tests.ExportProductTest</span>
              <div class="ignored-methods-div">
                <span class="ignored-method-name">setExtent</span>
                <br/>
                <span class="ignored-method-name">endReport</span>
                <br/>
              </div> <!-- ignored-methods-div -->
            </div> <!-- ignored-class-div -->
          </div> <!-- main-panel-content rounded-window-bottom -->
        </div> <!-- panel -->
        <div panel-name="chronological-Suite" class="panel">
          <div class="main-panel-header rounded-window-top">
            <span class="header-content">Methods in chronological order</span>
          </div> <!-- main-panel-header rounded-window-top -->
          <div class="main-panel-content rounded-window-bottom">
            <div class="chronological-class">
              <div class="chronological-class-name">com.Breville.Tests.LoginPageTest</div> <!-- chronological-class-name -->
              <div class="configuration-suite before">
                <span class="method-name">setExtent</span>
                <span class="method-start">0 ms</span>
              </div> <!-- configuration-suite before -->
              <div class="configuration-method before">
                <span class="method-name">instalization</span>
                <span class="method-start">710 ms</span>
              </div> <!-- configuration-method before -->
              <div class="test-method">
                <span class="method-name">VerifyLoaginAndPublishItems(AQP-LSAN)</span>
                <span class="method-start">6012 ms</span>
              </div> <!-- test-method -->
              <div class="configuration-method after">
                <span class="method-name">getResult([TestResult name=VerifyLoaginAndPublishItems status=SUCCESS method=LoginPageTest.VerifyLoaginAndPubl...)</span>
                <span class="method-start">27772 ms</span>
              </div> <!-- configuration-method after -->
              <div class="configuration-method before">
                <span class="method-name">instalization</span>
                <span class="method-start">27855 ms</span>
              </div> <!-- configuration-method before -->
              <div class="test-method">
                <span class="method-name">VerifyLoaginAndPublishItems(BDC0030NUC1)</span>
                <span class="method-start">31881 ms</span>
              </div> <!-- test-method -->
              <div class="configuration-method after">
                <span class="method-name">getResult([TestResult name=VerifyLoaginAndPublishItems status=SUCCESS method=LoginPageTest.VerifyLoaginAndPubl...)</span>
                <span class="method-start">53637 ms</span>
              </div> <!-- configuration-method after -->
              <div class="configuration-method before">
                <span class="method-name">instalization</span>
                <span class="method-start">53713 ms</span>
              </div> <!-- configuration-method before -->
              <div class="test-method">
                <span class="method-name">VerifyLoaginAndPublishItems(BEC250)</span>
                <span class="method-start">58869 ms</span>
              </div> <!-- test-method -->
              <div class="configuration-method after">
                <span class="method-name">getResult([TestResult name=VerifyLoaginAndPublishItems status=SKIP method=LoginPageTest.VerifyLoaginAndPublish...)</span>
                <span class="method-start">98310 ms</span>
              </div> <!-- configuration-method after -->
              <div class="configuration-method before">
                <span class="method-name">instalization</span>
                <span class="method-start">98614 ms</span>
              </div> <!-- configuration-method before -->
              <div class="test-method">
                <span class="method-name">VerifyLoaginAndPublishItems(BEC250)</span>
                <span class="method-start">102700 ms</span>
              </div> <!-- test-method -->
              <div class="configuration-method after">
                <span class="method-name">getResult([TestResult name=VerifyLoaginAndPublishItems status=SKIP method=LoginPageTest.VerifyLoaginAndPublish...)</span>
                <span class="method-start">133854 ms</span>
              </div> <!-- configuration-method after -->
              <div class="configuration-method before">
                <span class="method-name">instalization</span>
                <span class="method-start">134142 ms</span>
              </div> <!-- configuration-method before -->
              <div class="test-method">
                <img src="failed.png">
                </img>
                <span class="method-name">VerifyLoaginAndPublishItems(BEC250)</span>
                <span class="method-start">138349 ms</span>
              </div> <!-- test-method -->
              <div class="configuration-method after">
                <span class="method-name">getResult([TestResult name=VerifyLoaginAndPublishItems status=FAILURE method=LoginPageTest.VerifyLoaginAndPubl...)</span>
                <span class="method-start">168718 ms</span>
              </div> <!-- configuration-method after -->
              <div class="configuration-method before">
                <span class="method-name">instalization</span>
                <span class="method-start">169104 ms</span>
              </div> <!-- configuration-method before -->
              <div class="test-method">
                <span class="method-name">VerifyLoaginAndPublishItems(SOV001BAM0NUK1)</span>
                <span class="method-start">173224 ms</span>
              </div> <!-- test-method -->
              <div class="configuration-method after">
                <span class="method-name">getResult([TestResult name=VerifyLoaginAndPublishItems status=SUCCESS method=LoginPageTest.VerifyLoaginAndPubl...)</span>
                <span class="method-start">194306 ms</span>
              </div> <!-- configuration-method after -->
              <div class="configuration-method before">
                <span class="method-name">instalization</span>
                <span class="method-start">194378 ms</span>
              </div> <!-- configuration-method before -->
              <div class="test-method">
                <span class="method-name">VerifyLoaginAndPublishItems(BBA500BSS)</span>
                <span class="method-start">198457 ms</span>
              </div> <!-- test-method -->
              <div class="configuration-method after">
                <span class="method-name">getResult([TestResult name=VerifyLoaginAndPublishItems status=SUCCESS method=LoginPageTest.VerifyLoaginAndPubl...)</span>
                <span class="method-start">214955 ms</span>
              </div> <!-- configuration-method after -->
            </div> <!-- chronological-class -->
            <div class="chronological-class">
              <div class="chronological-class-name">com.Breville.Tests.ExportProductTest</div> <!-- chronological-class-name -->
              <div class="configuration-method before">
                <span class="method-name">instalization</span>
                <span class="method-start">215024 ms</span>
              </div> <!-- configuration-method before -->
              <div class="test-method">
                <span class="method-name">verifyProductExport</span>
                <span class="method-start">219068 ms</span>
              </div> <!-- test-method -->
              <div class="configuration-method after">
                <span class="method-name">getResult([TestResult name=verifyProductExport status=SUCCESS method=ExportProductTest.verifyProductExport()[p...)</span>
                <span class="method-start">258279 ms</span>
              </div> <!-- configuration-method after -->
            </div> <!-- chronological-class -->
            <div class="chronological-class">
              <div class="chronological-class-name">com.Breville.Tests.ItemStatusLinkTest</div> <!-- chronological-class-name -->
              <div class="configuration-method before">
                <span class="method-name">instalization</span>
                <span class="method-start">258434 ms</span>
              </div> <!-- configuration-method before -->
              <div class="test-method">
                <span class="method-name">verifyItemStatusLink(AQP-LSAN)</span>
                <span class="method-start">262613 ms</span>
              </div> <!-- test-method -->
              <div class="configuration-method after">
                <span class="method-name">getResult([TestResult name=verifyItemStatusLink status=SUCCESS method=ItemStatusLinkTest.verifyItemStatusLink(...)</span>
                <span class="method-start">281444 ms</span>
              </div> <!-- configuration-method after -->
              <div class="configuration-method before">
                <span class="method-name">instalization</span>
                <span class="method-start">281576 ms</span>
              </div> <!-- configuration-method before -->
              <div class="test-method">
                <span class="method-name">verifyItemStatusLink(BDC0030NUC1)</span>
                <span class="method-start">285648 ms</span>
              </div> <!-- test-method -->
              <div class="configuration-method after">
                <span class="method-name">getResult([TestResult name=verifyItemStatusLink status=SUCCESS method=ItemStatusLinkTest.verifyItemStatusLink(...)</span>
                <span class="method-start">305156 ms</span>
              </div> <!-- configuration-method after -->
              <div class="configuration-method before">
                <span class="method-name">instalization</span>
                <span class="method-start">305328 ms</span>
              </div> <!-- configuration-method before -->
              <div class="test-method">
                <span class="method-name">verifyItemStatusLink(BEC250)</span>
                <span class="method-start">309403 ms</span>
              </div> <!-- test-method -->
              <div class="configuration-method after">
                <span class="method-name">getResult([TestResult name=verifyItemStatusLink status=SUCCESS method=ItemStatusLinkTest.verifyItemStatusLink(...)</span>
                <span class="method-start">329011 ms</span>
              </div> <!-- configuration-method after -->
              <div class="configuration-method before">
                <span class="method-name">instalization</span>
                <span class="method-start">329168 ms</span>
              </div> <!-- configuration-method before -->
              <div class="test-method">
                <span class="method-name">verifyItemStatusLink(SOV001BAM0NUK1)</span>
                <span class="method-start">333216 ms</span>
              </div> <!-- test-method -->
              <div class="configuration-method after">
                <span class="method-name">getResult([TestResult name=verifyItemStatusLink status=SUCCESS method=ItemStatusLinkTest.verifyItemStatusLink(...)</span>
                <span class="method-start">351714 ms</span>
              </div> <!-- configuration-method after -->
              <div class="configuration-method before">
                <span class="method-name">instalization</span>
                <span class="method-start">351843 ms</span>
              </div> <!-- configuration-method before -->
              <div class="test-method">
                <span class="method-name">verifyItemStatusLink(BBA500BSS)</span>
                <span class="method-start">355929 ms</span>
              </div> <!-- test-method -->
              <div class="configuration-method after">
                <span class="method-name">getResult([TestResult name=verifyItemStatusLink status=SUCCESS method=ItemStatusLinkTest.verifyItemStatusLink(...)</span>
                <span class="method-start">374779 ms</span>
              </div> <!-- configuration-method after -->
            </div> <!-- chronological-class -->
            <div class="chronological-class">
              <div class="chronological-class-name">com.Breville.Tests.ManagePriceTest</div> <!-- chronological-class-name -->
              <div class="configuration-method before">
                <span class="method-name">instalization</span>
                <span class="method-start">374964 ms</span>
              </div> <!-- configuration-method before -->
              <div class="test-method">
                <span class="method-name">verifyPricingDetails(BDC0030NUC1)</span>
                <span class="method-start">378938 ms</span>
              </div> <!-- test-method -->
              <div class="configuration-method after">
                <span class="method-name">getResult([TestResult name=verifyPricingDetails status=SUCCESS method=ManagePriceTest.verifyPricingDetails(jav...)</span>
                <span class="method-start">398691 ms</span>
              </div> <!-- configuration-method after -->
              <div class="configuration-method before">
                <span class="method-name">instalization</span>
                <span class="method-start">398867 ms</span>
              </div> <!-- configuration-method before -->
              <div class="test-method">
                <span class="method-name">verifyPricingDetails(SOV001BAM0NUK1)</span>
                <span class="method-start">402986 ms</span>
              </div> <!-- test-method -->
              <div class="configuration-method after">
                <span class="method-name">getResult([TestResult name=verifyPricingDetails status=SUCCESS method=ManagePriceTest.verifyPricingDetails(jav...)</span>
                <span class="method-start">421183 ms</span>
              </div> <!-- configuration-method after -->
              <div class="configuration-method before">
                <span class="method-name">instalization</span>
                <span class="method-start">421307 ms</span>
              </div> <!-- configuration-method before -->
              <div class="test-method">
                <span class="method-name">verifyPricingDetails(BBA500BSS)</span>
                <span class="method-start">425343 ms</span>
              </div> <!-- test-method -->
              <div class="configuration-method after">
                <span class="method-name">getResult([TestResult name=verifyPricingDetails status=SKIP method=ManagePriceTest.verifyPricingDetails(java.l...)</span>
                <span class="method-start">512157 ms</span>
              </div> <!-- configuration-method after -->
              <div class="configuration-method before">
                <span class="method-name">instalization</span>
                <span class="method-start">512339 ms</span>
              </div> <!-- configuration-method before -->
              <div class="test-method">
                <span class="method-name">verifyPricingDetails(BBA500BSS)</span>
                <span class="method-start">516534 ms</span>
              </div> <!-- test-method -->
              <div class="configuration-method after">
                <span class="method-name">getResult([TestResult name=verifyPricingDetails status=SKIP method=ManagePriceTest.verifyPricingDetails(java.l...)</span>
                <span class="method-start">600262 ms</span>
              </div> <!-- configuration-method after -->
              <div class="configuration-method before">
                <span class="method-name">instalization</span>
                <span class="method-start">600447 ms</span>
              </div> <!-- configuration-method before -->
              <div class="test-method">
                <img src="failed.png">
                </img>
                <span class="method-name">verifyPricingDetails(BBA500BSS)</span>
                <span class="method-start">604659 ms</span>
              </div> <!-- test-method -->
              <div class="configuration-method after">
                <span class="method-name">getResult([TestResult name=verifyPricingDetails status=FAILURE method=ManagePriceTest.verifyPricingDetails(jav...)</span>
                <span class="method-start">687787 ms</span>
              </div> <!-- configuration-method after -->
              <div class="configuration-method before">
                <span class="method-name">instalization</span>
                <span class="method-start">688229 ms</span>
              </div> <!-- configuration-method before -->
              <div class="test-method">
                <span class="method-name">verifyPricingDetails(BES0030NUC1)</span>
                <span class="method-start">692441 ms</span>
              </div> <!-- test-method -->
              <div class="configuration-method after">
                <span class="method-name">getResult([TestResult name=verifyPricingDetails status=SUCCESS method=ManagePriceTest.verifyPricingDetails(jav...)</span>
                <span class="method-start">713046 ms</span>
              </div> <!-- configuration-method after -->
            </div> <!-- chronological-class -->
            <div class="chronological-class">
              <div class="chronological-class-name">com.Breville.Tests.BrandNameValidationTest</div> <!-- chronological-class-name -->
              <div class="configuration-method before">
                <span class="method-name">instalization</span>
                <span class="method-start">713211 ms</span>
              </div> <!-- configuration-method before -->
              <div class="test-method">
                <span class="method-name">verifyBrandName</span>
                <span class="method-start">717252 ms</span>
              </div> <!-- test-method -->
              <div class="configuration-method after">
                <span class="method-name">getResult([TestResult name=verifyBrandName status=SKIP method=BrandNameValidationTest.verifyBrandName()[pri:0,...)</span>
                <span class="method-start">746749 ms</span>
              </div> <!-- configuration-method after -->
              <div class="configuration-method before">
                <span class="method-name">instalization</span>
                <span class="method-start">750820 ms</span>
              </div> <!-- configuration-method before -->
              <div class="test-method">
                <span class="method-name">verifyBrandName</span>
                <span class="method-start">754953 ms</span>
              </div> <!-- test-method -->
              <div class="configuration-method after">
                <span class="method-name">getResult([TestResult name=verifyBrandName status=SUCCESS method=BrandNameValidationTest.verifyBrandName()[pri...)</span>
                <span class="method-start">774191 ms</span>
              </div> <!-- configuration-method after -->
            </div> <!-- chronological-class -->
            <div class="chronological-class">
              <div class="chronological-class-name">com.Breville.Tests.ProductSearchNameTest</div> <!-- chronological-class-name -->
              <div class="configuration-method before">
                <span class="method-name">instalization</span>
                <span class="method-start">774379 ms</span>
              </div> <!-- configuration-method before -->
              <div class="test-method">
                <span class="method-name">verifyProductSearchName</span>
                <span class="method-start">778407 ms</span>
              </div> <!-- test-method -->
              <div class="configuration-method after">
                <span class="method-name">getResult([TestResult name=verifyProductSearchName status=SKIP method=ProductSearchNameTest.verifyProductSearc...)</span>
                <span class="method-start">807103 ms</span>
              </div> <!-- configuration-method after -->
              <div class="configuration-method before">
                <span class="method-name">instalization</span>
                <span class="method-start">807223 ms</span>
              </div> <!-- configuration-method before -->
              <div class="test-method">
                <span class="method-name">verifyProductSearchName</span>
                <span class="method-start">811194 ms</span>
              </div> <!-- test-method -->
              <div class="configuration-method after">
                <span class="method-name">getResult([TestResult name=verifyProductSearchName status=SUCCESS method=ProductSearchNameTest.verifyProductSe...)</span>
                <span class="method-start">831072 ms</span>
              </div> <!-- configuration-method after -->
            </div> <!-- chronological-class -->
            <div class="chronological-class">
              <div class="chronological-class-name">com.Breville.Tests.LoginPageTest</div> <!-- chronological-class-name -->
              <div class="configuration-suite after">
                <span class="method-name">endReport</span>
                <span class="method-start">831276 ms</span>
              </div> <!-- configuration-suite after -->
          </div> <!-- main-panel-content rounded-window-bottom -->
        </div> <!-- panel -->
      </div> <!-- main-panel-root -->
    </div> <!-- wrapper -->
  </body>
</html>
